New log file opened at Sat Mar 25 16:57:36 IST 2017 by 6445@knoldus
Sending msg to client activator-cc513f63-a51a-447d-beba-1fa887b9c3d1: DetachedLogEvent(LogMessage(debug,sbt server socket logs are in: /home/rahul/Documents/gulmohar/.sbtserver/connections/master.log))
Sending msg to client activator-cc513f63-a51a-447d-beba-1fa887b9c3d1: DetachedLogEvent(LogMessage(debug,sbt client logs are in: /home/rahul/Documents/gulmohar/.sbtserver/connections/activator-cc513f63-a51a-447d-beba-1fa887b9c3d1.log))
Sending msg to client activator-cc513f63-a51a-447d-beba-1fa887b9c3d1: DetachedLogEvent(LogMessage(debug,sbt general server logs are in: /home/rahul/Documents/gulmohar/.sbtserver/master.log))
Reading next message from client.
Got request: ListenToEvents()
Reading next message from client.
Sending msg to client activator-cc513f63-a51a-447d-beba-1fa887b9c3d1: DetachedLogEvent(LogMessage(debug,> --initialize))
Sending msg to client activator-cc513f63-a51a-447d-beba-1fa887b9c3d1: DetachedLogEvent(LogMessage(debug,> initialize))
Sending msg to client activator-cc513f63-a51a-447d-beba-1fa887b9c3d1: DetachedLogEvent(LogMessage(debug,> onFailure load-failed))
Sending msg to client activator-cc513f63-a51a-447d-beba-1fa887b9c3d1: DetachedLogEvent(LogMessage(debug,> boot))
Sending msg to client activator-cc513f63-a51a-447d-beba-1fa887b9c3d1: DetachedLogEvent(LogMessage(debug,> reload))
Sending msg to client activator-cc513f63-a51a-447d-beba-1fa887b9c3d1: DetachedLogEvent(LogMessage(debug,[Loading] Scanning directory /home/rahul/Documents/gulmohar/project))
Sending msg to client activator-cc513f63-a51a-447d-beba-1fa887b9c3d1: (3,ReceivedResponse())
Sending msg to client activator-cc513f63-a51a-447d-beba-1fa887b9c3d1: DetachedLogEvent(LogMessage(debug,[Loading] Found non-root projects ))
Sending msg to client activator-cc513f63-a51a-447d-beba-1fa887b9c3d1: DetachedLogEvent(LogMessage(debug,[Loading] Done in /home/rahul/Documents/gulmohar/project, returning: ()))
Sending msg to client activator-cc513f63-a51a-447d-beba-1fa887b9c3d1: DetachedLogEvent(LogMessage(debug,deducing auto plugins based on known facts Set(Atom(sbt.plugins.CorePlugin)) and clauses Clauses(List(Clause(Atom(sbt.plugins.JvmPlugin),Set(Atom(sbt.plugins.IvyPlugin))), Clause(Atom(sbt.plugins.JUnitXmlReportPlugin),Set(Atom(sbt.plugins.JvmPlugin))), Clause(Atom(sbt.plugins.CorePlugin),Set(Atom(sbt.plugins.IvyPlugin))), Clause(Atom(sbt.plugins.IvyPlugin),Set(Atom(sbt.plugins.JvmPlugin))), Clause(Atom(sbt.plugins.JvmPlugin),Set(Atom(sbt.plugins.JUnitXmlReportPlugin)))))))
Sending msg to client activator-cc513f63-a51a-447d-beba-1fa887b9c3d1: DetachedLogEvent(LogMessage(debug,  :: deduced result: Matched(sbt.plugins.CorePlugin,sbt.plugins.IvyPlugin,sbt.plugins.JvmPlugin,sbt.plugins.JUnitXmlReportPlugin)))
Sending msg to client activator-cc513f63-a51a-447d-beba-1fa887b9c3d1: DetachedLogEvent(LogMessage(debug,sorting: ns: List(sbt.plugins.CorePlugin, sbt.plugins.IvyPlugin, sbt.plugins.JvmPlugin, sbt.plugins.JUnitXmlReportPlugin)))
Sending msg to client activator-cc513f63-a51a-447d-beba-1fa887b9c3d1: DetachedLogEvent(LogMessage(debug,  :: sorting:: found: List(sbt.plugins.CorePlugin) not found List(sbt.plugins.IvyPlugin, sbt.plugins.JvmPlugin, sbt.plugins.JUnitXmlReportPlugin)))
Sending msg to client activator-cc513f63-a51a-447d-beba-1fa887b9c3d1: DetachedLogEvent(LogMessage(debug,  :: sorting:: found: List(sbt.plugins.CorePlugin, sbt.plugins.IvyPlugin) not found List(sbt.plugins.JvmPlugin, sbt.plugins.JUnitXmlReportPlugin)))
Sending msg to client activator-cc513f63-a51a-447d-beba-1fa887b9c3d1: DetachedLogEvent(LogMessage(debug,  :: sorting:: found: List(sbt.plugins.CorePlugin, sbt.plugins.IvyPlugin, sbt.plugins.JvmPlugin) not found List(sbt.plugins.JUnitXmlReportPlugin)))
Sending msg to client activator-cc513f63-a51a-447d-beba-1fa887b9c3d1: DetachedLogEvent(LogMessage(debug,  :: sorting:: found: List(sbt.plugins.CorePlugin, sbt.plugins.IvyPlugin, sbt.plugins.JvmPlugin, sbt.plugins.JUnitXmlReportPlugin) not found List()))
Sending msg to client activator-cc513f63-a51a-447d-beba-1fa887b9c3d1: DetachedLogEvent(LogMessage(debug,  :: sorted deduced result: List(sbt.plugins.CorePlugin, sbt.plugins.IvyPlugin, sbt.plugins.JvmPlugin, sbt.plugins.JUnitXmlReportPlugin)))
Sending msg to client activator-cc513f63-a51a-447d-beba-1fa887b9c3d1: DetachedLogEvent(LogMessage(debug,[Loading] Done in /home/rahul/Documents/gulmohar/project, returning: (gulmohar-build)))
Sending msg to client activator-cc513f63-a51a-447d-beba-1fa887b9c3d1: DetachedLogEvent(LogMessage(info,Loading project definition from /home/rahul/Documents/gulmohar/project))
Sending msg to client activator-cc513f63-a51a-447d-beba-1fa887b9c3d1: DetachedLogEvent(LogMessage(debug,Running task... Cancel: sbt.TaskCancellationStrategy$Null$@519e6e3e, check cycles: false))
Sending msg to client activator-cc513f63-a51a-447d-beba-1fa887b9c3d1: DetachedLogEvent(LogStdOut([info] Updating {file:/home/rahul/Documents/gulmohar/project/}gulmohar-build...))
Sending msg to client activator-cc513f63-a51a-447d-beba-1fa887b9c3d1: DetachedLogEvent(LogMessage(info,Updating {file:/home/rahul/Documents/gulmohar/project/}gulmohar-build...))
Sending msg to client activator-cc513f63-a51a-447d-beba-1fa887b9c3d1: DetachedLogEvent(LogMessage(debug,Other repositories:))
Sending msg to client activator-cc513f63-a51a-447d-beba-1fa887b9c3d1: DetachedLogEvent(LogMessage(debug,Default repositories:))
Sending msg to client activator-cc513f63-a51a-447d-beba-1fa887b9c3d1: DetachedLogEvent(LogMessage(debug,Using inline dependencies specified in Scala.))
Sending msg to client activator-cc513f63-a51a-447d-beba-1fa887b9c3d1: DetachedLogEvent(LogMessage(debug,:: resolving dependencies :: default#gulmohar-build;0.1-SNAPSHOT))
Sending msg to client activator-cc513f63-a51a-447d-beba-1fa887b9c3d1: DetachedLogEvent(LogMessage(debug,	confs: [compile, runtime, test, provided, optional, compile-internal, runtime-internal, test-internal, plugin, sources, docs, pom, scala-tool]))
Sending msg to client activator-cc513f63-a51a-447d-beba-1fa887b9c3d1: DetachedLogEvent(LogMessage(debug,	validate = true))
Sending msg to client activator-cc513f63-a51a-447d-beba-1fa887b9c3d1: DetachedLogEvent(LogMessage(debug,	refresh = false))
Sending msg to client activator-cc513f63-a51a-447d-beba-1fa887b9c3d1: DetachedLogEvent(LogMessage(debug,resolving dependencies for configuration 'compile'))
Sending msg to client activator-cc513f63-a51a-447d-beba-1fa887b9c3d1: DetachedLogEvent(LogMessage(debug,== resolving dependencies for default#gulmohar-build;0.1-SNAPSHOT [compile]))
Sending msg to client activator-cc513f63-a51a-447d-beba-1fa887b9c3d1: DetachedLogEvent(LogMessage(debug,== resolving dependencies default#gulmohar-build;0.1-SNAPSHOT->com.typesafe.play#sbt-plugin;2.5.10 [compile->default(compile)]))
Sending msg to client activator-cc513f63-a51a-447d-beba-1fa887b9c3d1: DetachedLogEvent(LogStdOut([info] Resolving com.typesafe.play#sbt-plugin;2.5.10 ...))
Sending msg to client activator-cc513f63-a51a-447d-beba-1fa887b9c3d1: DetachedLogEvent(LogMessage(info,Resolving com.typesafe.play#sbt-plugin;2.5.10 ...))
Sending msg to client activator-cc513f63-a51a-447d-beba-1fa887b9c3d1: DetachedLogEvent(LogMessage(debug,sbt-chain: Checking cache for: dependency: com.typesafe.play#sbt-plugin;2.5.10 {compile=[default(compile)]}))
Sending msg to client activator-cc513f63-a51a-447d-beba-1fa887b9c3d1: DetachedLogEvent(LogStdOut([A[2K[info] Resolving com.typesafe.play#sbt-plugin;2.5.10 ...))
Sending msg to client activator-cc513f63-a51a-447d-beba-1fa887b9c3d1: DetachedLogEvent(LogMessage(info,Resolving com.typesafe.play#sbt-plugin;2.5.10 ...))
Sending msg to client activator-cc513f63-a51a-447d-beba-1fa887b9c3d1: DetachedLogEvent(LogMessage(debug,sbt-chain-delegate: Checking cache for: dependency: com.typesafe.play#sbt-plugin;2.5.10 {compile=[default(compile)]}))
Sending msg to client activator-cc513f63-a51a-447d-beba-1fa887b9c3d1: DetachedLogEvent(LogMessage(debug,		tried https://repo.typesafe.com/typesafe/ivy-releases/com.typesafe.play/sbt-plugin/scala_2.10/sbt_0.13/2.5.10/ivys/ivy.xml))
Sending msg to client activator-cc513f63-a51a-447d-beba-1fa887b9c3d1: DetachedLogEvent(LogMessage(debug,CLIENT ERROR: Not Found url=https://repo.typesafe.com/typesafe/ivy-releases/com.typesafe.play/sbt-plugin/scala_2.10/sbt_0.13/2.5.10/ivys/ivy.xml))
Sending msg to client activator-cc513f63-a51a-447d-beba-1fa887b9c3d1: DetachedLogEvent(LogMessage(debug,	typesafe-ivy-releases: no ivy file found for com.typesafe.play#sbt-plugin;2.5.10))
Sending msg to client activator-cc513f63-a51a-447d-beba-1fa887b9c3d1: DetachedLogEvent(LogMessage(debug,		tried https://repo.scala-sbt.org/scalasbt/sbt-plugin-releases/com.typesafe.play/sbt-plugin/scala_2.10/sbt_0.13/2.5.10/ivys/ivy.xml))
Sending msg to client activator-cc513f63-a51a-447d-beba-1fa887b9c3d1: DetachedLogEvent(LogMessage(debug,	sbt-plugin-releases: found md file for com.typesafe.play#sbt-plugin;2.5.10))
Sending msg to client activator-cc513f63-a51a-447d-beba-1fa887b9c3d1: DetachedLogEvent(LogMessage(debug,		=> https://repo.scala-sbt.org/scalasbt/sbt-plugin-releases/com.typesafe.play/sbt-plugin/scala_2.10/sbt_0.13/2.5.10/ivys/ivy.xml (2.5.10)))
Sending msg to client activator-cc513f63-a51a-447d-beba-1fa887b9c3d1: DetachedLogEvent(LogMessage(debug,downloading https://repo.scala-sbt.org/scalasbt/sbt-plugin-releases/com.typesafe.play/sbt-plugin/scala_2.10/sbt_0.13/2.5.10/ivys/ivy.xml ...))
Sending msg to client activator-cc513f63-a51a-447d-beba-1fa887b9c3d1: DetachedLogEvent(LogMessage(debug,	sbt-plugin-releases: downloading https://repo.scala-sbt.org/scalasbt/sbt-plugin-releases/com.typesafe.play/sbt-plugin/scala_2.10/sbt_0.13/2.5.10/ivys/ivy.xml))
Sending msg to client activator-cc513f63-a51a-447d-beba-1fa887b9c3d1: DetachedLogEvent(LogMessage(debug,	sbt-plugin-releases: downloading https://repo.scala-sbt.org/scalasbt/sbt-plugin-releases/com.typesafe.play/sbt-plugin/scala_2.10/sbt_0.13/2.5.10/ivys/ivy.xml.sha1))
Sending msg to client activator-cc513f63-a51a-447d-beba-1fa887b9c3d1: DetachedLogEvent(LogMessage(debug,sha1 OK for https://repo.scala-sbt.org/scalasbt/sbt-plugin-releases/com.typesafe.play/sbt-plugin/scala_2.10/sbt_0.13/2.5.10/ivys/ivy.xml))
Sending msg to client activator-cc513f63-a51a-447d-beba-1fa887b9c3d1: DetachedLogEvent(LogMessage(debug,	[SUCCESSFUL ] com.typesafe.play#sbt-plugin;2.5.10!ivy.xml(ivy.original) (3668ms)))
Sending msg to client activator-cc513f63-a51a-447d-beba-1fa887b9c3d1: DetachedLogEvent(LogMessage(debug,	found com.typesafe.play#sbt-plugin;2.5.10 in sbt-plugin-releases))
Sending msg to client activator-cc513f63-a51a-447d-beba-1fa887b9c3d1: DetachedLogEvent(LogMessage(debug,dependency descriptor has been mediated: dependency: org.scala-lang#scala-library;2.10.6 {provided=[default(compile)]} => dependency: org.scala-lang#scala-library;2.10.4 {provided=[default(compile)]}))
Sending msg to client activator-cc513f63-a51a-447d-beba-1fa887b9c3d1: DetachedLogEvent(LogMessage(debug,dependency descriptor has been mediated: dependency: org.scala-lang#scala-reflect;2.10.6 {provided=[default(compile)]} => dependency: org.scala-lang#scala-reflect;2.10.4 {provided=[default(compile)]}))
Sending msg to client activator-cc513f63-a51a-447d-beba-1fa887b9c3d1: DetachedLogEvent(LogMessage(debug,== resolving dependencies com.typesafe.play#sbt-plugin;2.5.10->com.typesafe.play#sbt-routes-compiler_2.10;2.5.10 [compile->default(compile)]))
Sending msg to client activator-cc513f63-a51a-447d-beba-1fa887b9c3d1: DetachedLogEvent(LogMessage(debug,dependency descriptor has been mediated: dependency: org.scala-lang#scala-library;2.10.6 {provided=[default(compile)]} => dependency: org.scala-lang#scala-library;2.10.4 {provided=[default(compile)]}))
Sending msg to client activator-cc513f63-a51a-447d-beba-1fa887b9c3d1: DetachedLogEvent(LogMessage(debug,dependency descriptor has been mediated: dependency: org.scala-lang#scala-reflect;2.10.6 {provided=[default(compile)]} => dependency: org.scala-lang#scala-reflect;2.10.4 {provided=[default(compile)]}))
Sending msg to client activator-cc513f63-a51a-447d-beba-1fa887b9c3d1: DetachedLogEvent(LogMessage(debug,dependency descriptor has been mediated: dependency: org.scala-lang#scala-library;2.10.6 {provided=[default(compile)]} => dependency: org.scala-lang#scala-library;2.10.4 {provided=[default(compile)]}))
Sending msg to client activator-cc513f63-a51a-447d-beba-1fa887b9c3d1: DetachedLogEvent(LogMessage(debug,dependency descriptor has been mediated: dependency: org.scala-lang#scala-reflect;2.10.6 {provided=[default(compile)]} => dependency: org.scala-lang#scala-reflect;2.10.4 {provided=[default(compile)]}))
Sending msg to client activator-cc513f63-a51a-447d-beba-1fa887b9c3d1: DetachedLogEvent(LogMessage(debug,dependency descriptor has been mediated: dependency: org.scala-lang#scala-compiler;2.10.4 {scala-tool=[default, optional(default)]} => dependency: org.scala-lang#scala-compiler;2.10.4 {scala-tool=[default, optional(default)]}))
Sending msg to client activator-cc513f63-a51a-447d-beba-1fa887b9c3d1: DetachedLogEvent(LogMessage(debug,dependency descriptor has been mediated: sbt.ivyint.MergedDescriptors@4c30d1bf => sbt.ivyint.MergedDescriptors@3a49bae))
Sending msg to client activator-cc513f63-a51a-447d-beba-1fa887b9c3d1: DetachedLogEvent(LogStdOut([A[2K[info] Resolving com.typesafe.play#sbt-routes-compiler_2.10;2.5.10 ...))
Sending msg to client activator-cc513f63-a51a-447d-beba-1fa887b9c3d1: DetachedLogEvent(LogMessage(info,Resolving com.typesafe.play#sbt-routes-compiler_2.10;2.5.10 ...))
Sending msg to client activator-cc513f63-a51a-447d-beba-1fa887b9c3d1: DetachedLogEvent(LogMessage(debug,sbt-chain: Checking cache for: dependency: com.typesafe.play#sbt-routes-compiler_2.10;2.5.10 {compile=[default(compile)]}))
Sending msg to client activator-cc513f63-a51a-447d-beba-1fa887b9c3d1: DetachedLogEvent(LogStdOut([A[2K[info] Resolving com.typesafe.play#sbt-routes-compiler_2.10;2.5.10 ...))
Sending msg to client activator-cc513f63-a51a-447d-beba-1fa887b9c3d1: DetachedLogEvent(LogMessage(info,Resolving com.typesafe.play#sbt-routes-compiler_2.10;2.5.10 ...))
Sending msg to client activator-cc513f63-a51a-447d-beba-1fa887b9c3d1: DetachedLogEvent(LogMessage(debug,sbt-chain-delegate: Checking cache for: dependency: com.typesafe.play#sbt-routes-compiler_2.10;2.5.10 {compile=[default(compile)]}))
Sending msg to client activator-cc513f63-a51a-447d-beba-1fa887b9c3d1: DetachedLogEvent(LogMessage(debug,		tried https://repo.typesafe.com/typesafe/ivy-releases/com.typesafe.play/sbt-routes-compiler_2.10/2.5.10/ivys/ivy.xml))
Sending msg to client activator-cc513f63-a51a-447d-beba-1fa887b9c3d1: DetachedLogEvent(LogMessage(debug,CLIENT ERROR: Not Found url=https://repo.typesafe.com/typesafe/ivy-releases/com.typesafe.play/sbt-routes-compiler_2.10/2.5.10/ivys/ivy.xml))
Sending msg to client activator-cc513f63-a51a-447d-beba-1fa887b9c3d1: DetachedLogEvent(LogMessage(debug,	typesafe-ivy-releases: no ivy file found for com.typesafe.play#sbt-routes-compiler_2.10;2.5.10))
Sending msg to client activator-cc513f63-a51a-447d-beba-1fa887b9c3d1: DetachedLogEvent(LogMessage(debug,		tried https://repo.scala-sbt.org/scalasbt/sbt-plugin-releases/com.typesafe.play/sbt-routes-compiler_2.10/2.5.10/ivys/ivy.xml))
Sending msg to client activator-cc513f63-a51a-447d-beba-1fa887b9c3d1: DetachedLogEvent(LogMessage(debug,CLIENT ERROR: Not Found url=https://repo.scala-sbt.org/scalasbt/sbt-plugin-releases/com.typesafe.play/sbt-routes-compiler_2.10/2.5.10/ivys/ivy.xml))
Sending msg to client activator-cc513f63-a51a-447d-beba-1fa887b9c3d1: DetachedLogEvent(LogMessage(debug,	sbt-plugin-releases: no ivy file found for com.typesafe.play#sbt-routes-compiler_2.10;2.5.10))
Sending msg to client activator-cc513f63-a51a-447d-beba-1fa887b9c3d1: DetachedLogEvent(LogMessage(debug,		tried /home/rahul/.ivy2/local/com.typesafe.play/sbt-routes-compiler_2.10/2.5.10/ivys/ivy.xml))
Sending msg to client activator-cc513f63-a51a-447d-beba-1fa887b9c3d1: DetachedLogEvent(LogMessage(debug,	local: no ivy file found for com.typesafe.play#sbt-routes-compiler_2.10;2.5.10))
Sending msg to client activator-cc513f63-a51a-447d-beba-1fa887b9c3d1: DetachedLogEvent(LogMessage(debug,		tried /home/rahul/.activator/repository/com.typesafe.play/sbt-routes-compiler_2.10/2.5.10/ivys/ivy.xml))
Sending msg to client activator-cc513f63-a51a-447d-beba-1fa887b9c3d1: DetachedLogEvent(LogMessage(debug,	activator-launcher-local: no ivy file found for com.typesafe.play#sbt-routes-compiler_2.10;2.5.10))
Sending msg to client activator-cc513f63-a51a-447d-beba-1fa887b9c3d1: DetachedLogEvent(LogMessage(debug,		tried /home/rahul/activator-dist-1.3.10/repository/com.typesafe.play/sbt-routes-compiler_2.10/2.5.10/ivys/ivy.xml))
Sending msg to client activator-cc513f63-a51a-447d-beba-1fa887b9c3d1: DetachedLogEvent(LogMessage(debug,	activator-local: no ivy file found for com.typesafe.play#sbt-routes-compiler_2.10;2.5.10))
Sending msg to client activator-cc513f63-a51a-447d-beba-1fa887b9c3d1: DetachedLogEvent(LogMessage(debug,		tried https://repo1.maven.org/maven2/com/typesafe/play/sbt-routes-compiler_2.10/2.5.10/sbt-routes-compiler_2.10-2.5.10.pom))
Sending msg to client activator-cc513f63-a51a-447d-beba-1fa887b9c3d1: DetachedLogEvent(LogMessage(debug,	public: found md file for com.typesafe.play#sbt-routes-compiler_2.10;2.5.10))
Sending msg to client activator-cc513f63-a51a-447d-beba-1fa887b9c3d1: DetachedLogEvent(LogMessage(debug,		=> https://repo1.maven.org/maven2/com/typesafe/play/sbt-routes-compiler_2.10/2.5.10/sbt-routes-compiler_2.10-2.5.10.pom (2.5.10)))
Sending msg to client activator-cc513f63-a51a-447d-beba-1fa887b9c3d1: DetachedLogEvent(LogMessage(debug,downloading https://repo1.maven.org/maven2/com/typesafe/play/sbt-routes-compiler_2.10/2.5.10/sbt-routes-compiler_2.10-2.5.10.pom ...))
Sending msg to client activator-cc513f63-a51a-447d-beba-1fa887b9c3d1: DetachedLogEvent(LogMessage(debug,	public: downloading https://repo1.maven.org/maven2/com/typesafe/play/sbt-routes-compiler_2.10/2.5.10/sbt-routes-compiler_2.10-2.5.10.pom))
Sending msg to client activator-cc513f63-a51a-447d-beba-1fa887b9c3d1: DetachedLogEvent(LogMessage(debug,	public: downloading https://repo1.maven.org/maven2/com/typesafe/play/sbt-routes-compiler_2.10/2.5.10/sbt-routes-compiler_2.10-2.5.10.pom.sha1))
Sending msg to client activator-cc513f63-a51a-447d-beba-1fa887b9c3d1: DetachedLogEvent(LogMessage(debug,sha1 OK for https://repo1.maven.org/maven2/com/typesafe/play/sbt-routes-compiler_2.10/2.5.10/sbt-routes-compiler_2.10-2.5.10.pom))
Sending msg to client activator-cc513f63-a51a-447d-beba-1fa887b9c3d1: DetachedLogEvent(LogMessage(debug,	[SUCCESSFUL ] com.typesafe.play#sbt-routes-compiler_2.10;2.5.10!sbt-routes-compiler_2.10.pom(pom.original) (545ms)))
Sending msg to client activator-cc513f63-a51a-447d-beba-1fa887b9c3d1: DetachedLogEvent(LogMessage(debug,		tried https://repo.typesafe.com/typesafe/ivy-releases/com.typesafe.play/sbt-routes-compiler_2.10/2.5.10/jars/sbt-routes-compiler_2.10.jar))
Sending msg to client activator-cc513f63-a51a-447d-beba-1fa887b9c3d1: DetachedLogEvent(LogMessage(debug,CLIENT ERROR: Not Found url=https://repo.typesafe.com/typesafe/ivy-releases/com.typesafe.play/sbt-routes-compiler_2.10/2.5.10/jars/sbt-routes-compiler_2.10.jar))
Sending msg to client activator-cc513f63-a51a-447d-beba-1fa887b9c3d1: DetachedLogEvent(LogMessage(debug,		tried https://repo.scala-sbt.org/scalasbt/sbt-plugin-releases/com.typesafe.play/sbt-routes-compiler_2.10/2.5.10/jars/sbt-routes-compiler_2.10.jar))
Sending msg to client activator-cc513f63-a51a-447d-beba-1fa887b9c3d1: DetachedLogEvent(LogMessage(debug,CLIENT ERROR: Not Found url=https://repo.scala-sbt.org/scalasbt/sbt-plugin-releases/com.typesafe.play/sbt-routes-compiler_2.10/2.5.10/jars/sbt-routes-compiler_2.10.jar))
Sending msg to client activator-cc513f63-a51a-447d-beba-1fa887b9c3d1: DetachedLogEvent(LogMessage(debug,		tried /home/rahul/.ivy2/local/com.typesafe.play/sbt-routes-compiler_2.10/2.5.10/jars/sbt-routes-compiler_2.10.jar))
Sending msg to client activator-cc513f63-a51a-447d-beba-1fa887b9c3d1: DetachedLogEvent(LogMessage(debug,		tried /home/rahul/.activator/repository/com.typesafe.play/sbt-routes-compiler_2.10/2.5.10/jars/sbt-routes-compiler_2.10.jar))
Sending msg to client activator-cc513f63-a51a-447d-beba-1fa887b9c3d1: DetachedLogEvent(LogMessage(debug,		tried /home/rahul/activator-dist-1.3.10/repository/com.typesafe.play/sbt-routes-compiler_2.10/2.5.10/jars/sbt-routes-compiler_2.10.jar))
Sending msg to client activator-cc513f63-a51a-447d-beba-1fa887b9c3d1: DetachedLogEvent(LogMessage(debug,		tried https://repo1.maven.org/maven2/com/typesafe/play/sbt-routes-compiler_2.10/2.5.10/sbt-routes-compiler_2.10-2.5.10.jar))
Sending msg to client activator-cc513f63-a51a-447d-beba-1fa887b9c3d1: DetachedLogEvent(LogMessage(debug,	found com.typesafe.play#sbt-routes-compiler_2.10;2.5.10 in public))
Sending msg to client activator-cc513f63-a51a-447d-beba-1fa887b9c3d1: DetachedLogEvent(LogMessage(debug,== resolving dependencies com.typesafe.play#sbt-plugin;2.5.10->com.typesafe.play#sbt-routes-compiler_2.10;2.5.10 [compile->runtime]))
Sending msg to client activator-cc513f63-a51a-447d-beba-1fa887b9c3d1: DetachedLogEvent(LogMessage(debug,== resolving dependencies com.typesafe.play#sbt-plugin;2.5.10->com.typesafe.play#sbt-routes-compiler_2.10;2.5.10 [compile->compile]))
Sending msg to client activator-cc513f63-a51a-447d-beba-1fa887b9c3d1: DetachedLogEvent(LogMessage(debug,dependency descriptor has been mediated: dependency: org.scala-lang#scala-library;2.10.6 {compile=[compile(*), master(compile)], runtime=[runtime(*)]} => dependency: org.scala-lang#scala-library;2.10.4 {compile=[compile(*), master(compile)], runtime=[runtime(*)]}))
Sending msg to client activator-cc513f63-a51a-447d-beba-1fa887b9c3d1: DetachedLogEvent(LogMessage(debug,== resolving dependencies com.typesafe.play#sbt-routes-compiler_2.10;2.5.10->org.scala-lang#scala-library;2.10.4 [compile->master(compile)]))
Sending msg to client activator-cc513f63-a51a-447d-beba-1fa887b9c3d1: DetachedLogEvent(LogMessage(debug,dependency descriptor has been mediated: dependency: org.scala-lang#scala-library;2.10.6 {compile=[compile(*), master(compile)], runtime=[runtime(*)]} => dependency: org.scala-lang#scala-library;2.10.4 {compile=[compile(*), master(compile)], runtime=[runtime(*)]}))
Sending msg to client activator-cc513f63-a51a-447d-beba-1fa887b9c3d1: DetachedLogEvent(LogMessage(debug,dependency descriptor has been mediated: dependency: org.scala-lang#scala-library;2.10.6 {compile=[compile(*), master(compile)], runtime=[runtime(*)]} => dependency: org.scala-lang#scala-library;2.10.4 {compile=[compile(*), master(compile)], runtime=[runtime(*)]}))
Sending msg to client activator-cc513f63-a51a-447d-beba-1fa887b9c3d1: DetachedLogEvent(LogMessage(debug,dependency descriptor has been mediated: dependency: org.scala-lang#scala-library;2.10.6 {compile=[compile(*), master(compile)], runtime=[runtime(*)]} => dependency: org.scala-lang#scala-library;2.10.4 {compile=[compile(*), master(compile)], runtime=[runtime(*)]}))
Sending msg to client activator-cc513f63-a51a-447d-beba-1fa887b9c3d1: DetachedLogEvent(LogMessage(debug,dependency descriptor has been mediated: dependency: org.scala-lang#scala-library;2.10.6 {compile=[compile(*), master(compile)], runtime=[runtime(*)]} => dependency: org.scala-lang#scala-library;2.10.4 {compile=[compile(*), master(compile)], runtime=[runtime(*)]}))
Sending msg to client activator-cc513f63-a51a-447d-beba-1fa887b9c3d1: DetachedLogEvent(LogMessage(debug,dependency descriptor has been mediated: dependency: org.scala-lang#scala-library;2.10.6 {compile=[compile(*), master(compile)], runtime=[runtime(*)]} => dependency: org.scala-lang#scala-library;2.10.4 {compile=[compile(*), master(compile)], runtime=[runtime(*)]}))
Sending msg to client activator-cc513f63-a51a-447d-beba-1fa887b9c3d1: DetachedLogEvent(LogMessage(debug,dependency descriptor has been mediated: dependency: org.scala-lang#scala-library;2.10.6 {provided=[default(compile)]} => dependency: org.scala-lang#scala-library;2.10.4 {provided=[default(compile)]}))
Sending msg to client activator-cc513f63-a51a-447d-beba-1fa887b9c3d1: DetachedLogEvent(LogMessage(debug,dependency descriptor has been mediated: dependency: org.scala-lang#scala-reflect;2.10.6 {provided=[default(compile)]} => dependency: org.scala-lang#scala-reflect;2.10.4 {provided=[default(compile)]}))
Sending msg to client activator-cc513f63-a51a-447d-beba-1fa887b9c3d1: DetachedLogEvent(LogMessage(debug,dependency descriptor has been mediated: dependency: org.scala-lang#scala-library;2.10.6 {provided=[default(compile)]} => dependency: org.scala-lang#scala-library;2.10.4 {provided=[default(compile)]}))
Sending msg to client activator-cc513f63-a51a-447d-beba-1fa887b9c3d1: DetachedLogEvent(LogMessage(debug,dependency descriptor has been mediated: dependency: org.scala-lang#scala-reflect;2.10.6 {provided=[default(compile)]} => dependency: org.scala-lang#scala-reflect;2.10.4 {provided=[default(compile)]}))
Sending msg to client activator-cc513f63-a51a-447d-beba-1fa887b9c3d1: DetachedLogEvent(LogMessage(debug,dependency descriptor has been mediated: dependency: org.scala-lang#scala-compiler;2.10.4 {scala-tool=[default, optional(default)]} => dependency: org.scala-lang#scala-compiler;2.10.4 {scala-tool=[default, optional(default)]}))
Sending msg to client activator-cc513f63-a51a-447d-beba-1fa887b9c3d1: DetachedLogEvent(LogMessage(debug,dependency descriptor has been mediated: sbt.ivyint.MergedDescriptors@4c30d1bf => sbt.ivyint.MergedDescriptors@3d906bd))
Sending msg to client activator-cc513f63-a51a-447d-beba-1fa887b9c3d1: DetachedLogEvent(LogStdOut([A[2K[info] Resolving org.scala-lang#scala-library;2.10.4 ...))
Sending msg to client activator-cc513f63-a51a-447d-beba-1fa887b9c3d1: DetachedLogEvent(LogMessage(info,Resolving org.scala-lang#scala-library;2.10.4 ...))
Sending msg to client activator-cc513f63-a51a-447d-beba-1fa887b9c3d1: DetachedLogEvent(LogMessage(debug,sbt-chain: Checking cache for: dependency: org.scala-lang#scala-library;2.10.4 {compile=[compile(*), master(compile)], runtime=[runtime(*)]}))
Sending msg to client activator-cc513f63-a51a-447d-beba-1fa887b9c3d1: DetachedLogEvent(LogMessage(debug,sbt-chain: module revision found in cache: org.scala-lang#scala-library;2.10.4))
Sending msg to client activator-cc513f63-a51a-447d-beba-1fa887b9c3d1: DetachedLogEvent(LogMessage(debug,	found org.scala-lang#scala-library;2.10.4 in sbt-chain))
Sending msg to client activator-cc513f63-a51a-447d-beba-1fa887b9c3d1: DetachedLogEvent(LogMessage(debug,	[2.10.4] org.scala-lang#scala-library;2.10.4))
Sending msg to client activator-cc513f63-a51a-447d-beba-1fa887b9c3d1: DetachedLogEvent(LogMessage(debug,== resolving dependencies com.typesafe.play#sbt-routes-compiler_2.10;2.5.10->org.scala-lang#scala-library;2.10.4 [compile->compile(*)]))
Sending msg to client activator-cc513f63-a51a-447d-beba-1fa887b9c3d1: DetachedLogEvent(LogMessage(debug,== resolving dependencies com.typesafe.play#sbt-routes-compiler_2.10;2.5.10->org.scala-lang#scala-library;2.10.4 [compile->runtime(*)]))
Sending msg to client activator-cc513f63-a51a-447d-beba-1fa887b9c3d1: DetachedLogEvent(LogMessage(debug,== resolving dependencies com.typesafe.play#sbt-routes-compiler_2.10;2.5.10->org.scala-lang#scala-library;2.10.4 [compile->compile]))
Sending msg to client activator-cc513f63-a51a-447d-beba-1fa887b9c3d1: DetachedLogEvent(LogMessage(debug,== resolving dependencies com.typesafe.play#sbt-routes-compiler_2.10;2.5.10->com.typesafe.play#twirl-api_2.10;1.1.1 [compile->master(compile)]))
Sending msg to client activator-cc513f63-a51a-447d-beba-1fa887b9c3d1: DetachedLogEvent(LogMessage(debug,dependency descriptor has been mediated: dependency: org.scala-lang#scala-library;2.10.6 {compile=[compile(*), master(compile)], runtime=[runtime(*)]} => dependency: org.scala-lang#scala-library;2.10.4 {compile=[compile(*), master(compile)], runtime=[runtime(*)]}))
Sending msg to client activator-cc513f63-a51a-447d-beba-1fa887b9c3d1: DetachedLogEvent(LogMessage(debug,dependency descriptor has been mediated: dependency: org.scala-lang#scala-library;2.10.6 {compile=[compile(*), master(compile)], runtime=[runtime(*)]} => dependency: org.scala-lang#scala-library;2.10.4 {compile=[compile(*), master(compile)], runtime=[runtime(*)]}))
Sending msg to client activator-cc513f63-a51a-447d-beba-1fa887b9c3d1: DetachedLogEvent(LogMessage(debug,dependency descriptor has been mediated: dependency: org.scala-lang#scala-library;2.10.6 {compile=[compile(*), master(compile)], runtime=[runtime(*)]} => dependency: org.scala-lang#scala-library;2.10.4 {compile=[compile(*), master(compile)], runtime=[runtime(*)]}))
Sending msg to client activator-cc513f63-a51a-447d-beba-1fa887b9c3d1: DetachedLogEvent(LogMessage(debug,dependency descriptor has been mediated: dependency: org.scala-lang#scala-library;2.10.6 {compile=[compile(*), master(compile)], runtime=[runtime(*)]} => dependency: org.scala-lang#scala-library;2.10.4 {compile=[compile(*), master(compile)], runtime=[runtime(*)]}))
Sending msg to client activator-cc513f63-a51a-447d-beba-1fa887b9c3d1: DetachedLogEvent(LogMessage(debug,dependency descriptor has been mediated: dependency: org.scala-lang#scala-library;2.10.6 {compile=[compile(*), master(compile)], runtime=[runtime(*)]} => dependency: org.scala-lang#scala-library;2.10.4 {compile=[compile(*), master(compile)], runtime=[runtime(*)]}))
Sending msg to client activator-cc513f63-a51a-447d-beba-1fa887b9c3d1: DetachedLogEvent(LogMessage(debug,dependency descriptor has been mediated: dependency: org.scala-lang#scala-library;2.10.6 {provided=[default(compile)]} => dependency: org.scala-lang#scala-library;2.10.4 {provided=[default(compile)]}))
Sending msg to client activator-cc513f63-a51a-447d-beba-1fa887b9c3d1: DetachedLogEvent(LogMessage(debug,dependency descriptor has been mediated: dependency: org.scala-lang#scala-reflect;2.10.6 {provided=[default(compile)]} => dependency: org.scala-lang#scala-reflect;2.10.4 {provided=[default(compile)]}))
Sending msg to client activator-cc513f63-a51a-447d-beba-1fa887b9c3d1: DetachedLogEvent(LogMessage(debug,dependency descriptor has been mediated: dependency: org.scala-lang#scala-library;2.10.6 {provided=[default(compile)]} => dependency: org.scala-lang#scala-library;2.10.4 {provided=[default(compile)]}))
Sending msg to client activator-cc513f63-a51a-447d-beba-1fa887b9c3d1: DetachedLogEvent(LogMessage(debug,dependency descriptor has been mediated: dependency: org.scala-lang#scala-reflect;2.10.6 {provided=[default(compile)]} => dependency: org.scala-lang#scala-reflect;2.10.4 {provided=[default(compile)]}))
Sending msg to client activator-cc513f63-a51a-447d-beba-1fa887b9c3d1: DetachedLogEvent(LogMessage(debug,dependency descriptor has been mediated: dependency: org.scala-lang#scala-compiler;2.10.4 {scala-tool=[default, optional(default)]} => dependency: org.scala-lang#scala-compiler;2.10.4 {scala-tool=[default, optional(default)]}))
Sending msg to client activator-cc513f63-a51a-447d-beba-1fa887b9c3d1: DetachedLogEvent(LogMessage(debug,dependency descriptor has been mediated: sbt.ivyint.MergedDescriptors@4c30d1bf => sbt.ivyint.MergedDescriptors@41844264))
Sending msg to client activator-cc513f63-a51a-447d-beba-1fa887b9c3d1: DetachedLogEvent(LogStdOut([A[2K[info] Resolving com.typesafe.play#twirl-api_2.10;1.1.1 ...))
Sending msg to client activator-cc513f63-a51a-447d-beba-1fa887b9c3d1: DetachedLogEvent(LogMessage(info,Resolving com.typesafe.play#twirl-api_2.10;1.1.1 ...))
Sending msg to client activator-cc513f63-a51a-447d-beba-1fa887b9c3d1: DetachedLogEvent(LogMessage(debug,sbt-chain: Checking cache for: dependency: com.typesafe.play#twirl-api_2.10;1.1.1 {compile=[compile(*), master(compile)], runtime=[runtime(*)]}))
Sending msg to client activator-cc513f63-a51a-447d-beba-1fa887b9c3d1: DetachedLogEvent(LogMessage(debug,sbt-chain: module revision found in cache: com.typesafe.play#twirl-api_2.10;1.1.1))
Sending msg to client activator-cc513f63-a51a-447d-beba-1fa887b9c3d1: DetachedLogEvent(LogMessage(debug,	found com.typesafe.play#twirl-api_2.10;1.1.1 in sbt-chain))
Sending msg to client activator-cc513f63-a51a-447d-beba-1fa887b9c3d1: DetachedLogEvent(LogMessage(debug,dependency descriptor has been mediated: dependency: org.scala-lang#scala-library;2.10.5 {compile=[compile(*), master(compile)], runtime=[runtime(*)]} => dependency: org.scala-lang#scala-library;2.10.4 {compile=[compile(*), master(compile)], runtime=[runtime(*)]}))
Sending msg to client activator-cc513f63-a51a-447d-beba-1fa887b9c3d1: DetachedLogEvent(LogMessage(debug,== resolving dependencies com.typesafe.play#sbt-routes-compiler_2.10;2.5.10->com.typesafe.play#twirl-api_2.10;1.1.1 [compile->compile(*)]))
Sending msg to client activator-cc513f63-a51a-447d-beba-1fa887b9c3d1: DetachedLogEvent(LogMessage(debug,dependency descriptor has been mediated: dependency: org.scala-lang#scala-library;2.10.5 {compile=[compile(*), master(compile)], runtime=[runtime(*)]} => dependency: org.scala-lang#scala-library;2.10.4 {compile=[compile(*), master(compile)], runtime=[runtime(*)]}))
Sending msg to client activator-cc513f63-a51a-447d-beba-1fa887b9c3d1: DetachedLogEvent(LogMessage(debug,== resolving dependencies com.typesafe.play#twirl-api_2.10;1.1.1->org.scala-lang#scala-library;2.10.4 [compile->master(compile)]))
Sending msg to client activator-cc513f63-a51a-447d-beba-1fa887b9c3d1: DetachedLogEvent(LogMessage(debug,dependency descriptor has been mediated: dependency: org.scala-lang#scala-library;2.10.5 {compile=[compile(*), master(compile)], runtime=[runtime(*)]} => dependency: org.scala-lang#scala-library;2.10.4 {compile=[compile(*), master(compile)], runtime=[runtime(*)]}))
Sending msg to client activator-cc513f63-a51a-447d-beba-1fa887b9c3d1: DetachedLogEvent(LogMessage(debug,dependency descriptor has been mediated: dependency: org.scala-lang#scala-library;2.10.5 {compile=[compile(*), master(compile)], runtime=[runtime(*)]} => dependency: org.scala-lang#scala-library;2.10.4 {compile=[compile(*), master(compile)], runtime=[runtime(*)]}))
Sending msg to client activator-cc513f63-a51a-447d-beba-1fa887b9c3d1: DetachedLogEvent(LogMessage(debug,dependency descriptor has been mediated: dependency: org.scala-lang#scala-library;2.10.5 {compile=[compile(*), master(compile)], runtime=[runtime(*)]} => dependency: org.scala-lang#scala-library;2.10.4 {compile=[compile(*), master(compile)], runtime=[runtime(*)]}))
Sending msg to client activator-cc513f63-a51a-447d-beba-1fa887b9c3d1: DetachedLogEvent(LogMessage(debug,dependency descriptor has been mediated: dependency: org.scala-lang#scala-library;2.10.5 {compile=[compile(*), master(compile)], runtime=[runtime(*)]} => dependency: org.scala-lang#scala-library;2.10.4 {compile=[compile(*), master(compile)], runtime=[runtime(*)]}))
Sending msg to client activator-cc513f63-a51a-447d-beba-1fa887b9c3d1: DetachedLogEvent(LogMessage(debug,dependency descriptor has been mediated: dependency: org.scala-lang#scala-library;2.10.5 {compile=[compile(*), master(compile)], runtime=[runtime(*)]} => dependency: org.scala-lang#scala-library;2.10.4 {compile=[compile(*), master(compile)], runtime=[runtime(*)]}))
Sending msg to client activator-cc513f63-a51a-447d-beba-1fa887b9c3d1: DetachedLogEvent(LogMessage(debug,== resolving dependencies com.typesafe.play#twirl-api_2.10;1.1.1->org.scala-lang#scala-library;2.10.4 [compile->compile(*)]))
Sending msg to client activator-cc513f63-a51a-447d-beba-1fa887b9c3d1: DetachedLogEvent(LogMessage(debug,== resolving dependencies com.typesafe.play#twirl-api_2.10;1.1.1->org.apache.commons#commons-lang3;3.4 [compile->master(compile)]))
Sending msg to client activator-cc513f63-a51a-447d-beba-1fa887b9c3d1: DetachedLogEvent(LogMessage(debug,dependency descriptor has been mediated: dependency: org.scala-lang#scala-library;2.10.5 {compile=[compile(*), master(compile)], runtime=[runtime(*)]} => dependency: org.scala-lang#scala-library;2.10.4 {compile=[compile(*), master(compile)], runtime=[runtime(*)]}))
Sending msg to client activator-cc513f63-a51a-447d-beba-1fa887b9c3d1: DetachedLogEvent(LogMessage(debug,dependency descriptor has been mediated: dependency: org.scala-lang#scala-library;2.10.5 {compile=[compile(*), master(compile)], runtime=[runtime(*)]} => dependency: org.scala-lang#scala-library;2.10.4 {compile=[compile(*), master(compile)], runtime=[runtime(*)]}))
Sending msg to client activator-cc513f63-a51a-447d-beba-1fa887b9c3d1: DetachedLogEvent(LogMessage(debug,dependency descriptor has been mediated: dependency: org.scala-lang#scala-library;2.10.5 {compile=[compile(*), master(compile)], runtime=[runtime(*)]} => dependency: org.scala-lang#scala-library;2.10.4 {compile=[compile(*), master(compile)], runtime=[runtime(*)]}))
Sending msg to client activator-cc513f63-a51a-447d-beba-1fa887b9c3d1: DetachedLogEvent(LogMessage(debug,dependency descriptor has been mediated: dependency: org.scala-lang#scala-library;2.10.5 {compile=[compile(*), master(compile)], runtime=[runtime(*)]} => dependency: org.scala-lang#scala-library;2.10.4 {compile=[compile(*), master(compile)], runtime=[runtime(*)]}))
Sending msg to client activator-cc513f63-a51a-447d-beba-1fa887b9c3d1: DetachedLogEvent(LogMessage(debug,dependency descriptor has been mediated: dependency: org.scala-lang#scala-library;2.10.5 {compile=[compile(*), master(compile)], runtime=[runtime(*)]} => dependency: org.scala-lang#scala-library;2.10.4 {compile=[compile(*), master(compile)], runtime=[runtime(*)]}))
Sending msg to client activator-cc513f63-a51a-447d-beba-1fa887b9c3d1: DetachedLogEvent(LogMessage(debug,dependency descriptor has been mediated: dependency: org.scala-lang#scala-library;2.10.6 {compile=[compile(*), master(compile)], runtime=[runtime(*)]} => dependency: org.scala-lang#scala-library;2.10.4 {compile=[compile(*), master(compile)], runtime=[runtime(*)]}))
Sending msg to client activator-cc513f63-a51a-447d-beba-1fa887b9c3d1: DetachedLogEvent(LogMessage(debug,dependency descriptor has been mediated: dependency: org.scala-lang#scala-library;2.10.6 {compile=[compile(*), master(compile)], runtime=[runtime(*)]} => dependency: org.scala-lang#scala-library;2.10.4 {compile=[compile(*), master(compile)], runtime=[runtime(*)]}))
Sending msg to client activator-cc513f63-a51a-447d-beba-1fa887b9c3d1: DetachedLogEvent(LogMessage(debug,dependency descriptor has been mediated: dependency: org.scala-lang#scala-library;2.10.6 {compile=[compile(*), master(compile)], runtime=[runtime(*)]} => dependency: org.scala-lang#scala-library;2.10.4 {compile=[compile(*), master(compile)], runtime=[runtime(*)]}))
Sending msg to client activator-cc513f63-a51a-447d-beba-1fa887b9c3d1: DetachedLogEvent(LogMessage(debug,dependency descriptor has been mediated: dependency: org.scala-lang#scala-library;2.10.6 {compile=[compile(*), master(compile)], runtime=[runtime(*)]} => dependency: org.scala-lang#scala-library;2.10.4 {compile=[compile(*), master(compile)], runtime=[runtime(*)]}))
Sending msg to client activator-cc513f63-a51a-447d-beba-1fa887b9c3d1: DetachedLogEvent(LogMessage(debug,dependency descriptor has been mediated: dependency: org.scala-lang#scala-library;2.10.6 {compile=[compile(*), master(compile)], runtime=[runtime(*)]} => dependency: org.scala-lang#scala-library;2.10.4 {compile=[compile(*), master(compile)], runtime=[runtime(*)]}))
Sending msg to client activator-cc513f63-a51a-447d-beba-1fa887b9c3d1: DetachedLogEvent(LogMessage(debug,dependency descriptor has been mediated: dependency: org.scala-lang#scala-library;2.10.6 {provided=[default(compile)]} => dependency: org.scala-lang#scala-library;2.10.4 {provided=[default(compile)]}))
Sending msg to client activator-cc513f63-a51a-447d-beba-1fa887b9c3d1: DetachedLogEvent(LogMessage(debug,dependency descriptor has been mediated: dependency: org.scala-lang#scala-reflect;2.10.6 {provided=[default(compile)]} => dependency: org.scala-lang#scala-reflect;2.10.4 {provided=[default(compile)]}))
Sending msg to client activator-cc513f63-a51a-447d-beba-1fa887b9c3d1: DetachedLogEvent(LogMessage(debug,dependency descriptor has been mediated: dependency: org.scala-lang#scala-library;2.10.6 {provided=[default(compile)]} => dependency: org.scala-lang#scala-library;2.10.4 {provided=[default(compile)]}))
Sending msg to client activator-cc513f63-a51a-447d-beba-1fa887b9c3d1: DetachedLogEvent(LogMessage(debug,dependency descriptor has been mediated: dependency: org.scala-lang#scala-reflect;2.10.6 {provided=[default(compile)]} => dependency: org.scala-lang#scala-reflect;2.10.4 {provided=[default(compile)]}))
Sending msg to client activator-cc513f63-a51a-447d-beba-1fa887b9c3d1: DetachedLogEvent(LogMessage(debug,dependency descriptor has been mediated: dependency: org.scala-lang#scala-compiler;2.10.4 {scala-tool=[default, optional(default)]} => dependency: org.scala-lang#scala-compiler;2.10.4 {scala-tool=[default, optional(default)]}))
Sending msg to client activator-cc513f63-a51a-447d-beba-1fa887b9c3d1: DetachedLogEvent(LogMessage(debug,dependency descriptor has been mediated: sbt.ivyint.MergedDescriptors@4c30d1bf => sbt.ivyint.MergedDescriptors@2d32e256))
Sending msg to client activator-cc513f63-a51a-447d-beba-1fa887b9c3d1: DetachedLogEvent(LogStdOut([A[2K[info] Resolving org.apache.commons#commons-lang3;3.4 ...))
Sending msg to client activator-cc513f63-a51a-447d-beba-1fa887b9c3d1: DetachedLogEvent(LogMessage(info,Resolving org.apache.commons#commons-lang3;3.4 ...))
Sending msg to client activator-cc513f63-a51a-447d-beba-1fa887b9c3d1: DetachedLogEvent(LogMessage(debug,sbt-chain: Checking cache for: dependency: org.apache.commons#commons-lang3;3.4 {compile=[compile(*), master(compile)], runtime=[runtime(*)]}))
Sending msg to client activator-cc513f63-a51a-447d-beba-1fa887b9c3d1: DetachedLogEvent(LogMessage(debug,sbt-chain: module revision found in cache: org.apache.commons#commons-lang3;3.4))
Sending msg to client activator-cc513f63-a51a-447d-beba-1fa887b9c3d1: DetachedLogEvent(LogMessage(debug,	found org.apache.commons#commons-lang3;3.4 in sbt-chain))
Sending msg to client activator-cc513f63-a51a-447d-beba-1fa887b9c3d1: DetachedLogEvent(LogMessage(debug,== resolving dependencies com.typesafe.play#twirl-api_2.10;1.1.1->org.apache.commons#commons-lang3;3.4 [compile->compile(*)]))
Sending msg to client activator-cc513f63-a51a-447d-beba-1fa887b9c3d1: DetachedLogEvent(LogMessage(debug,== resolving dependencies com.typesafe.play#sbt-routes-compiler_2.10;2.5.10->com.typesafe.play#twirl-api_2.10;1.1.1 [compile->runtime(*)]))
Sending msg to client activator-cc513f63-a51a-447d-beba-1fa887b9c3d1: DetachedLogEvent(LogMessage(debug,== resolving dependencies com.typesafe.play#sbt-routes-compiler_2.10;2.5.10->com.typesafe.play#twirl-api_2.10;1.1.1 [compile->compile]))
Sending msg to client activator-cc513f63-a51a-447d-beba-1fa887b9c3d1: DetachedLogEvent(LogMessage(debug,dependency descriptor has been mediated: dependency: org.scala-lang#scala-library;2.10.5 {compile=[compile(*), master(compile)], runtime=[runtime(*)]} => dependency: org.scala-lang#scala-library;2.10.4 {compile=[compile(*), master(compile)], runtime=[runtime(*)]}))
Sending msg to client activator-cc513f63-a51a-447d-beba-1fa887b9c3d1: DetachedLogEvent(LogMessage(debug,== resolving dependencies com.typesafe.play#twirl-api_2.10;1.1.1->org.scala-lang#scala-library;2.10.4 [runtime->runtime(*)]))
Sending msg to client activator-cc513f63-a51a-447d-beba-1fa887b9c3d1: DetachedLogEvent(LogMessage(debug,== resolving dependencies com.typesafe.play#twirl-api_2.10;1.1.1->org.scala-lang#scala-library;2.10.4 [runtime->compile]))
Sending msg to client activator-cc513f63-a51a-447d-beba-1fa887b9c3d1: DetachedLogEvent(LogMessage(debug,== resolving dependencies com.typesafe.play#twirl-api_2.10;1.1.1->org.apache.commons#commons-lang3;3.4 [runtime->runtime(*)]))
Sending msg to client activator-cc513f63-a51a-447d-beba-1fa887b9c3d1: DetachedLogEvent(LogMessage(debug,== resolving dependencies com.typesafe.play#twirl-api_2.10;1.1.1->org.apache.commons#commons-lang3;3.4 [runtime->compile]))
Sending msg to client activator-cc513f63-a51a-447d-beba-1fa887b9c3d1: DetachedLogEvent(LogMessage(debug,== resolving dependencies com.typesafe.play#sbt-routes-compiler_2.10;2.5.10->commons-io#commons-io;2.4 [compile->master(compile)]))
Sending msg to client activator-cc513f63-a51a-447d-beba-1fa887b9c3d1: DetachedLogEvent(LogMessage(debug,dependency descriptor has been mediated: dependency: org.scala-lang#scala-library;2.10.6 {compile=[compile(*), master(compile)], runtime=[runtime(*)]} => dependency: org.scala-lang#scala-library;2.10.4 {compile=[compile(*), master(compile)], runtime=[runtime(*)]}))
Sending msg to client activator-cc513f63-a51a-447d-beba-1fa887b9c3d1: DetachedLogEvent(LogMessage(debug,dependency descriptor has been mediated: dependency: org.scala-lang#scala-library;2.10.6 {compile=[compile(*), master(compile)], runtime=[runtime(*)]} => dependency: org.scala-lang#scala-library;2.10.4 {compile=[compile(*), master(compile)], runtime=[runtime(*)]}))
Sending msg to client activator-cc513f63-a51a-447d-beba-1fa887b9c3d1: DetachedLogEvent(LogMessage(debug,dependency descriptor has been mediated: dependency: org.scala-lang#scala-library;2.10.6 {compile=[compile(*), master(compile)], runtime=[runtime(*)]} => dependency: org.scala-lang#scala-library;2.10.4 {compile=[compile(*), master(compile)], runtime=[runtime(*)]}))
Sending msg to client activator-cc513f63-a51a-447d-beba-1fa887b9c3d1: DetachedLogEvent(LogMessage(debug,dependency descriptor has been mediated: dependency: org.scala-lang#scala-library;2.10.6 {compile=[compile(*), master(compile)], runtime=[runtime(*)]} => dependency: org.scala-lang#scala-library;2.10.4 {compile=[compile(*), master(compile)], runtime=[runtime(*)]}))
Sending msg to client activator-cc513f63-a51a-447d-beba-1fa887b9c3d1: DetachedLogEvent(LogMessage(debug,dependency descriptor has been mediated: dependency: org.scala-lang#scala-library;2.10.6 {compile=[compile(*), master(compile)], runtime=[runtime(*)]} => dependency: org.scala-lang#scala-library;2.10.4 {compile=[compile(*), master(compile)], runtime=[runtime(*)]}))
Sending msg to client activator-cc513f63-a51a-447d-beba-1fa887b9c3d1: DetachedLogEvent(LogMessage(debug,dependency descriptor has been mediated: dependency: org.scala-lang#scala-library;2.10.6 {provided=[default(compile)]} => dependency: org.scala-lang#scala-library;2.10.4 {provided=[default(compile)]}))
Sending msg to client activator-cc513f63-a51a-447d-beba-1fa887b9c3d1: DetachedLogEvent(LogMessage(debug,dependency descriptor has been mediated: dependency: org.scala-lang#scala-reflect;2.10.6 {provided=[default(compile)]} => dependency: org.scala-lang#scala-reflect;2.10.4 {provided=[default(compile)]}))
Sending msg to client activator-cc513f63-a51a-447d-beba-1fa887b9c3d1: DetachedLogEvent(LogMessage(debug,dependency descriptor has been mediated: dependency: org.scala-lang#scala-library;2.10.6 {provided=[default(compile)]} => dependency: org.scala-lang#scala-library;2.10.4 {provided=[default(compile)]}))
Sending msg to client activator-cc513f63-a51a-447d-beba-1fa887b9c3d1: DetachedLogEvent(LogMessage(debug,dependency descriptor has been mediated: dependency: org.scala-lang#scala-reflect;2.10.6 {provided=[default(compile)]} => dependency: org.scala-lang#scala-reflect;2.10.4 {provided=[default(compile)]}))
Sending msg to client activator-cc513f63-a51a-447d-beba-1fa887b9c3d1: DetachedLogEvent(LogMessage(debug,dependency descriptor has been mediated: dependency: org.scala-lang#scala-compiler;2.10.4 {scala-tool=[default, optional(default)]} => dependency: org.scala-lang#scala-compiler;2.10.4 {scala-tool=[default, optional(default)]}))
Sending msg to client activator-cc513f63-a51a-447d-beba-1fa887b9c3d1: DetachedLogEvent(LogMessage(debug,dependency descriptor has been mediated: sbt.ivyint.MergedDescriptors@4c30d1bf => sbt.ivyint.MergedDescriptors@79478995))
Sending msg to client activator-cc513f63-a51a-447d-beba-1fa887b9c3d1: DetachedLogEvent(LogStdOut([A[2K[info] Resolving commons-io#commons-io;2.4 ...))
Sending msg to client activator-cc513f63-a51a-447d-beba-1fa887b9c3d1: DetachedLogEvent(LogMessage(info,Resolving commons-io#commons-io;2.4 ...))
Sending msg to client activator-cc513f63-a51a-447d-beba-1fa887b9c3d1: DetachedLogEvent(LogMessage(debug,sbt-chain: Checking cache for: dependency: commons-io#commons-io;2.4 {compile=[compile(*), master(compile)], runtime=[runtime(*)]}))
Sending msg to client activator-cc513f63-a51a-447d-beba-1fa887b9c3d1: DetachedLogEvent(LogMessage(debug,sbt-chain: module revision found in cache: commons-io#commons-io;2.4))
Sending msg to client activator-cc513f63-a51a-447d-beba-1fa887b9c3d1: DetachedLogEvent(LogMessage(debug,	found commons-io#commons-io;2.4 in sbt-chain))
Sending msg to client activator-cc513f63-a51a-447d-beba-1fa887b9c3d1: DetachedLogEvent(LogMessage(debug,== resolving dependencies com.typesafe.play#sbt-routes-compiler_2.10;2.5.10->commons-io#commons-io;2.4 [compile->compile(*)]))
Sending msg to client activator-cc513f63-a51a-447d-beba-1fa887b9c3d1: DetachedLogEvent(LogMessage(debug,== resolving dependencies com.typesafe.play#sbt-routes-compiler_2.10;2.5.10->commons-io#commons-io;2.4 [compile->runtime(*)]))
Sending msg to client activator-cc513f63-a51a-447d-beba-1fa887b9c3d1: DetachedLogEvent(LogMessage(debug,== resolving dependencies com.typesafe.play#sbt-routes-compiler_2.10;2.5.10->commons-io#commons-io;2.4 [compile->compile]))
Sending msg to client activator-cc513f63-a51a-447d-beba-1fa887b9c3d1: DetachedLogEvent(LogMessage(debug,dependency descriptor has been mediated: dependency: org.scala-lang#scala-library;2.10.6 {compile=[compile(*), master(compile)], runtime=[runtime(*)]} => dependency: org.scala-lang#scala-library;2.10.4 {compile=[compile(*), master(compile)], runtime=[runtime(*)]}))
Sending msg to client activator-cc513f63-a51a-447d-beba-1fa887b9c3d1: DetachedLogEvent(LogMessage(debug,== resolving dependencies com.typesafe.play#sbt-routes-compiler_2.10;2.5.10->org.scala-lang#scala-library;2.10.4 [runtime->runtime(*)]))
Sending msg to client activator-cc513f63-a51a-447d-beba-1fa887b9c3d1: DetachedLogEvent(LogMessage(debug,== resolving dependencies com.typesafe.play#sbt-routes-compiler_2.10;2.5.10->org.scala-lang#scala-library;2.10.4 [runtime->compile]))
Sending msg to client activator-cc513f63-a51a-447d-beba-1fa887b9c3d1: DetachedLogEvent(LogMessage(debug,== resolving dependencies com.typesafe.play#sbt-routes-compiler_2.10;2.5.10->com.typesafe.play#twirl-api_2.10;1.1.1 [runtime->runtime(*)]))
Sending msg to client activator-cc513f63-a51a-447d-beba-1fa887b9c3d1: DetachedLogEvent(LogMessage(debug,== resolving dependencies com.typesafe.play#sbt-routes-compiler_2.10;2.5.10->com.typesafe.play#twirl-api_2.10;1.1.1 [runtime->compile]))
Sending msg to client activator-cc513f63-a51a-447d-beba-1fa887b9c3d1: DetachedLogEvent(LogMessage(debug,== resolving dependencies com.typesafe.play#sbt-routes-compiler_2.10;2.5.10->commons-io#commons-io;2.4 [runtime->runtime(*)]))
Sending msg to client activator-cc513f63-a51a-447d-beba-1fa887b9c3d1: DetachedLogEvent(LogMessage(debug,== resolving dependencies com.typesafe.play#sbt-routes-compiler_2.10;2.5.10->commons-io#commons-io;2.4 [runtime->compile]))
Sending msg to client activator-cc513f63-a51a-447d-beba-1fa887b9c3d1: DetachedLogEvent(LogMessage(debug,== resolving dependencies com.typesafe.play#sbt-plugin;2.5.10->com.typesafe.play#sbt-routes-compiler_2.10;2.5.10 [compile->master]))
Sending msg to client activator-cc513f63-a51a-447d-beba-1fa887b9c3d1: DetachedLogEvent(LogMessage(debug,dependency descriptor has been mediated: dependency: org.scala-lang#scala-library;2.10.6 {compile=[compile(*), master(compile)], runtime=[runtime(*)]} => dependency: org.scala-lang#scala-library;2.10.4 {compile=[compile(*), master(compile)], runtime=[runtime(*)]}))
Sending msg to client activator-cc513f63-a51a-447d-beba-1fa887b9c3d1: DetachedLogEvent(LogMessage(debug,dependency descriptor has been mediated: dependency: org.scala-lang#scala-library;2.10.6 {compile=[compile(*), master(compile)], runtime=[runtime(*)]} => dependency: org.scala-lang#scala-library;2.10.4 {compile=[compile(*), master(compile)], runtime=[runtime(*)]}))
Sending msg to client activator-cc513f63-a51a-447d-beba-1fa887b9c3d1: DetachedLogEvent(LogMessage(debug,== resolving dependencies com.typesafe.play#sbt-plugin;2.5.10->com.typesafe.play#sbt-run-support_2.10;2.5.10 [compile->default(compile)]))
Sending msg to client activator-cc513f63-a51a-447d-beba-1fa887b9c3d1: DetachedLogEvent(LogMessage(debug,dependency descriptor has been mediated: dependency: org.scala-lang#scala-library;2.10.6 {provided=[default(compile)]} => dependency: org.scala-lang#scala-library;2.10.4 {provided=[default(compile)]}))
Sending msg to client activator-cc513f63-a51a-447d-beba-1fa887b9c3d1: DetachedLogEvent(LogMessage(debug,dependency descriptor has been mediated: dependency: org.scala-lang#scala-reflect;2.10.6 {provided=[default(compile)]} => dependency: org.scala-lang#scala-reflect;2.10.4 {provided=[default(compile)]}))
Sending msg to client activator-cc513f63-a51a-447d-beba-1fa887b9c3d1: DetachedLogEvent(LogMessage(debug,dependency descriptor has been mediated: dependency: org.scala-lang#scala-library;2.10.6 {provided=[default(compile)]} => dependency: org.scala-lang#scala-library;2.10.4 {provided=[default(compile)]}))
Sending msg to client activator-cc513f63-a51a-447d-beba-1fa887b9c3d1: DetachedLogEvent(LogMessage(debug,dependency descriptor has been mediated: dependency: org.scala-lang#scala-reflect;2.10.6 {provided=[default(compile)]} => dependency: org.scala-lang#scala-reflect;2.10.4 {provided=[default(compile)]}))
Sending msg to client activator-cc513f63-a51a-447d-beba-1fa887b9c3d1: DetachedLogEvent(LogMessage(debug,dependency descriptor has been mediated: dependency: org.scala-lang#scala-compiler;2.10.4 {scala-tool=[default, optional(default)]} => dependency: org.scala-lang#scala-compiler;2.10.4 {scala-tool=[default, optional(default)]}))
Sending msg to client activator-cc513f63-a51a-447d-beba-1fa887b9c3d1: DetachedLogEvent(LogMessage(debug,dependency descriptor has been mediated: sbt.ivyint.MergedDescriptors@4c30d1bf => sbt.ivyint.MergedDescriptors@5b5db5c3))
Sending msg to client activator-cc513f63-a51a-447d-beba-1fa887b9c3d1: DetachedLogEvent(LogStdOut([A[2K[info] Resolving com.typesafe.play#sbt-run-support_2.10;2.5.10 ...))
Sending msg to client activator-cc513f63-a51a-447d-beba-1fa887b9c3d1: DetachedLogEvent(LogMessage(info,Resolving com.typesafe.play#sbt-run-support_2.10;2.5.10 ...))
Sending msg to client activator-cc513f63-a51a-447d-beba-1fa887b9c3d1: DetachedLogEvent(LogMessage(debug,sbt-chain: Checking cache for: dependency: com.typesafe.play#sbt-run-support_2.10;2.5.10 {compile=[default(compile)]}))
Sending msg to client activator-cc513f63-a51a-447d-beba-1fa887b9c3d1: DetachedLogEvent(LogStdOut([A[2K[info] Resolving com.typesafe.play#sbt-run-support_2.10;2.5.10 ...))
Sending msg to client activator-cc513f63-a51a-447d-beba-1fa887b9c3d1: DetachedLogEvent(LogMessage(info,Resolving com.typesafe.play#sbt-run-support_2.10;2.5.10 ...))
Sending msg to client activator-cc513f63-a51a-447d-beba-1fa887b9c3d1: DetachedLogEvent(LogMessage(debug,sbt-chain-delegate: Checking cache for: dependency: com.typesafe.play#sbt-run-support_2.10;2.5.10 {compile=[default(compile)]}))
Sending msg to client activator-cc513f63-a51a-447d-beba-1fa887b9c3d1: DetachedLogEvent(LogMessage(debug,		tried https://repo.typesafe.com/typesafe/ivy-releases/com.typesafe.play/sbt-run-support_2.10/2.5.10/ivys/ivy.xml))
Sending msg to client activator-cc513f63-a51a-447d-beba-1fa887b9c3d1: DetachedLogEvent(LogMessage(debug,CLIENT ERROR: Not Found url=https://repo.typesafe.com/typesafe/ivy-releases/com.typesafe.play/sbt-run-support_2.10/2.5.10/ivys/ivy.xml))
Sending msg to client activator-cc513f63-a51a-447d-beba-1fa887b9c3d1: DetachedLogEvent(LogMessage(debug,	typesafe-ivy-releases: no ivy file found for com.typesafe.play#sbt-run-support_2.10;2.5.10))
Sending msg to client activator-cc513f63-a51a-447d-beba-1fa887b9c3d1: DetachedLogEvent(LogMessage(debug,		tried https://repo.scala-sbt.org/scalasbt/sbt-plugin-releases/com.typesafe.play/sbt-run-support_2.10/2.5.10/ivys/ivy.xml))
Sending msg to client activator-cc513f63-a51a-447d-beba-1fa887b9c3d1: DetachedLogEvent(LogMessage(debug,CLIENT ERROR: Not Found url=https://repo.scala-sbt.org/scalasbt/sbt-plugin-releases/com.typesafe.play/sbt-run-support_2.10/2.5.10/ivys/ivy.xml))
Sending msg to client activator-cc513f63-a51a-447d-beba-1fa887b9c3d1: DetachedLogEvent(LogMessage(debug,	sbt-plugin-releases: no ivy file found for com.typesafe.play#sbt-run-support_2.10;2.5.10))
Sending msg to client activator-cc513f63-a51a-447d-beba-1fa887b9c3d1: DetachedLogEvent(LogMessage(debug,		tried /home/rahul/.ivy2/local/com.typesafe.play/sbt-run-support_2.10/2.5.10/ivys/ivy.xml))
Sending msg to client activator-cc513f63-a51a-447d-beba-1fa887b9c3d1: DetachedLogEvent(LogMessage(debug,	local: no ivy file found for com.typesafe.play#sbt-run-support_2.10;2.5.10))
Sending msg to client activator-cc513f63-a51a-447d-beba-1fa887b9c3d1: DetachedLogEvent(LogMessage(debug,		tried /home/rahul/.activator/repository/com.typesafe.play/sbt-run-support_2.10/2.5.10/ivys/ivy.xml))
Sending msg to client activator-cc513f63-a51a-447d-beba-1fa887b9c3d1: DetachedLogEvent(LogMessage(debug,	activator-launcher-local: no ivy file found for com.typesafe.play#sbt-run-support_2.10;2.5.10))
Sending msg to client activator-cc513f63-a51a-447d-beba-1fa887b9c3d1: DetachedLogEvent(LogMessage(debug,		tried /home/rahul/activator-dist-1.3.10/repository/com.typesafe.play/sbt-run-support_2.10/2.5.10/ivys/ivy.xml))
Sending msg to client activator-cc513f63-a51a-447d-beba-1fa887b9c3d1: DetachedLogEvent(LogMessage(debug,	activator-local: no ivy file found for com.typesafe.play#sbt-run-support_2.10;2.5.10))
Sending msg to client activator-cc513f63-a51a-447d-beba-1fa887b9c3d1: DetachedLogEvent(LogMessage(debug,		tried https://repo1.maven.org/maven2/com/typesafe/play/sbt-run-support_2.10/2.5.10/sbt-run-support_2.10-2.5.10.pom))
Sending msg to client activator-cc513f63-a51a-447d-beba-1fa887b9c3d1: DetachedLogEvent(LogMessage(debug,	public: found md file for com.typesafe.play#sbt-run-support_2.10;2.5.10))
Sending msg to client activator-cc513f63-a51a-447d-beba-1fa887b9c3d1: DetachedLogEvent(LogMessage(debug,		=> https://repo1.maven.org/maven2/com/typesafe/play/sbt-run-support_2.10/2.5.10/sbt-run-support_2.10-2.5.10.pom (2.5.10)))
Sending msg to client activator-cc513f63-a51a-447d-beba-1fa887b9c3d1: DetachedLogEvent(LogMessage(debug,downloading https://repo1.maven.org/maven2/com/typesafe/play/sbt-run-support_2.10/2.5.10/sbt-run-support_2.10-2.5.10.pom ...))
Sending msg to client activator-cc513f63-a51a-447d-beba-1fa887b9c3d1: DetachedLogEvent(LogMessage(debug,	public: downloading https://repo1.maven.org/maven2/com/typesafe/play/sbt-run-support_2.10/2.5.10/sbt-run-support_2.10-2.5.10.pom))
Sending msg to client activator-cc513f63-a51a-447d-beba-1fa887b9c3d1: DetachedLogEvent(LogMessage(debug,	public: downloading https://repo1.maven.org/maven2/com/typesafe/play/sbt-run-support_2.10/2.5.10/sbt-run-support_2.10-2.5.10.pom.sha1))
Sending msg to client activator-cc513f63-a51a-447d-beba-1fa887b9c3d1: DetachedLogEvent(LogMessage(debug,sha1 OK for https://repo1.maven.org/maven2/com/typesafe/play/sbt-run-support_2.10/2.5.10/sbt-run-support_2.10-2.5.10.pom))
Sending msg to client activator-cc513f63-a51a-447d-beba-1fa887b9c3d1: DetachedLogEvent(LogMessage(debug,	[SUCCESSFUL ] com.typesafe.play#sbt-run-support_2.10;2.5.10!sbt-run-support_2.10.pom(pom.original) (539ms)))
Sending msg to client activator-cc513f63-a51a-447d-beba-1fa887b9c3d1: DetachedLogEvent(LogMessage(debug,		tried https://repo.typesafe.com/typesafe/ivy-releases/com.typesafe.play/sbt-run-support_2.10/2.5.10/jars/sbt-run-support_2.10.jar))
Sending msg to client activator-cc513f63-a51a-447d-beba-1fa887b9c3d1: DetachedLogEvent(LogMessage(debug,CLIENT ERROR: Not Found url=https://repo.typesafe.com/typesafe/ivy-releases/com.typesafe.play/sbt-run-support_2.10/2.5.10/jars/sbt-run-support_2.10.jar))
Sending msg to client activator-cc513f63-a51a-447d-beba-1fa887b9c3d1: DetachedLogEvent(LogMessage(debug,		tried https://repo.scala-sbt.org/scalasbt/sbt-plugin-releases/com.typesafe.play/sbt-run-support_2.10/2.5.10/jars/sbt-run-support_2.10.jar))
Sending msg to client activator-cc513f63-a51a-447d-beba-1fa887b9c3d1: DetachedLogEvent(LogMessage(debug,CLIENT ERROR: Not Found url=https://repo.scala-sbt.org/scalasbt/sbt-plugin-releases/com.typesafe.play/sbt-run-support_2.10/2.5.10/jars/sbt-run-support_2.10.jar))
Sending msg to client activator-cc513f63-a51a-447d-beba-1fa887b9c3d1: DetachedLogEvent(LogMessage(debug,		tried /home/rahul/.ivy2/local/com.typesafe.play/sbt-run-support_2.10/2.5.10/jars/sbt-run-support_2.10.jar))
Sending msg to client activator-cc513f63-a51a-447d-beba-1fa887b9c3d1: DetachedLogEvent(LogMessage(debug,		tried /home/rahul/.activator/repository/com.typesafe.play/sbt-run-support_2.10/2.5.10/jars/sbt-run-support_2.10.jar))
Sending msg to client activator-cc513f63-a51a-447d-beba-1fa887b9c3d1: DetachedLogEvent(LogMessage(debug,		tried /home/rahul/activator-dist-1.3.10/repository/com.typesafe.play/sbt-run-support_2.10/2.5.10/jars/sbt-run-support_2.10.jar))
Sending msg to client activator-cc513f63-a51a-447d-beba-1fa887b9c3d1: DetachedLogEvent(LogMessage(debug,		tried https://repo1.maven.org/maven2/com/typesafe/play/sbt-run-support_2.10/2.5.10/sbt-run-support_2.10-2.5.10.jar))
Sending msg to client activator-cc513f63-a51a-447d-beba-1fa887b9c3d1: DetachedLogEvent(LogMessage(debug,	found com.typesafe.play#sbt-run-support_2.10;2.5.10 in public))
Sending msg to client activator-cc513f63-a51a-447d-beba-1fa887b9c3d1: DetachedLogEvent(LogMessage(debug,== resolving dependencies com.typesafe.play#sbt-plugin;2.5.10->com.typesafe.play#sbt-run-support_2.10;2.5.10 [compile->runtime]))
Sending msg to client activator-cc513f63-a51a-447d-beba-1fa887b9c3d1: DetachedLogEvent(LogMessage(debug,== resolving dependencies com.typesafe.play#sbt-plugin;2.5.10->com.typesafe.play#sbt-run-support_2.10;2.5.10 [compile->compile]))
Sending msg to client activator-cc513f63-a51a-447d-beba-1fa887b9c3d1: DetachedLogEvent(LogMessage(debug,dependency descriptor has been mediated: dependency: org.scala-lang#scala-library;2.10.6 {compile=[compile(*), master(compile)], runtime=[runtime(*)]} => dependency: org.scala-lang#scala-library;2.10.4 {compile=[compile(*), master(compile)], runtime=[runtime(*)]}))
Sending msg to client activator-cc513f63-a51a-447d-beba-1fa887b9c3d1: DetachedLogEvent(LogMessage(debug,== resolving dependencies com.typesafe.play#sbt-run-support_2.10;2.5.10->org.scala-lang#scala-library;2.10.4 [compile->master(compile)]))
Sending msg to client activator-cc513f63-a51a-447d-beba-1fa887b9c3d1: DetachedLogEvent(LogMessage(debug,dependency descriptor has been mediated: dependency: org.scala-lang#scala-library;2.10.6 {compile=[compile(*), master(compile)], runtime=[runtime(*)]} => dependency: org.scala-lang#scala-library;2.10.4 {compile=[compile(*), master(compile)], runtime=[runtime(*)]}))
Sending msg to client activator-cc513f63-a51a-447d-beba-1fa887b9c3d1: DetachedLogEvent(LogMessage(debug,dependency descriptor has been mediated: dependency: org.scala-lang#scala-library;2.10.6 {compile=[compile(*), master(compile)], runtime=[runtime(*)]} => dependency: org.scala-lang#scala-library;2.10.4 {compile=[compile(*), master(compile)], runtime=[runtime(*)]}))
Sending msg to client activator-cc513f63-a51a-447d-beba-1fa887b9c3d1: DetachedLogEvent(LogMessage(debug,dependency descriptor has been mediated: dependency: org.scala-lang#scala-library;2.10.6 {compile=[compile(*), master(compile)], runtime=[runtime(*)]} => dependency: org.scala-lang#scala-library;2.10.4 {compile=[compile(*), master(compile)], runtime=[runtime(*)]}))
Sending msg to client activator-cc513f63-a51a-447d-beba-1fa887b9c3d1: DetachedLogEvent(LogMessage(debug,dependency descriptor has been mediated: dependency: org.scala-lang#scala-library;2.10.6 {compile=[compile(*), master(compile)], runtime=[runtime(*)]} => dependency: org.scala-lang#scala-library;2.10.4 {compile=[compile(*), master(compile)], runtime=[runtime(*)]}))
Sending msg to client activator-cc513f63-a51a-447d-beba-1fa887b9c3d1: DetachedLogEvent(LogMessage(debug,dependency descriptor has been mediated: dependency: org.scala-lang#scala-library;2.10.6 {compile=[compile(*), master(compile)], runtime=[runtime(*)]} => dependency: org.scala-lang#scala-library;2.10.4 {compile=[compile(*), master(compile)], runtime=[runtime(*)]}))
Sending msg to client activator-cc513f63-a51a-447d-beba-1fa887b9c3d1: DetachedLogEvent(LogMessage(debug,== resolving dependencies com.typesafe.play#sbt-run-support_2.10;2.5.10->org.scala-lang#scala-library;2.10.4 [compile->compile(*)]))
Sending msg to client activator-cc513f63-a51a-447d-beba-1fa887b9c3d1: DetachedLogEvent(LogMessage(debug,== resolving dependencies com.typesafe.play#sbt-run-support_2.10;2.5.10->com.typesafe.play#build-link;2.5.10 [compile->master(compile)]))
Sending msg to client activator-cc513f63-a51a-447d-beba-1fa887b9c3d1: DetachedLogEvent(LogMessage(debug,dependency descriptor has been mediated: dependency: org.scala-lang#scala-library;2.10.6 {compile=[compile(*), master(compile)], runtime=[runtime(*)]} => dependency: org.scala-lang#scala-library;2.10.4 {compile=[compile(*), master(compile)], runtime=[runtime(*)]}))
Sending msg to client activator-cc513f63-a51a-447d-beba-1fa887b9c3d1: DetachedLogEvent(LogMessage(debug,dependency descriptor has been mediated: dependency: org.scala-lang#scala-library;2.10.6 {compile=[compile(*), master(compile)], runtime=[runtime(*)]} => dependency: org.scala-lang#scala-library;2.10.4 {compile=[compile(*), master(compile)], runtime=[runtime(*)]}))
Sending msg to client activator-cc513f63-a51a-447d-beba-1fa887b9c3d1: DetachedLogEvent(LogMessage(debug,dependency descriptor has been mediated: dependency: org.scala-lang#scala-library;2.10.6 {compile=[compile(*), master(compile)], runtime=[runtime(*)]} => dependency: org.scala-lang#scala-library;2.10.4 {compile=[compile(*), master(compile)], runtime=[runtime(*)]}))
Sending msg to client activator-cc513f63-a51a-447d-beba-1fa887b9c3d1: DetachedLogEvent(LogMessage(debug,dependency descriptor has been mediated: dependency: org.scala-lang#scala-library;2.10.6 {compile=[compile(*), master(compile)], runtime=[runtime(*)]} => dependency: org.scala-lang#scala-library;2.10.4 {compile=[compile(*), master(compile)], runtime=[runtime(*)]}))
Sending msg to client activator-cc513f63-a51a-447d-beba-1fa887b9c3d1: DetachedLogEvent(LogMessage(debug,dependency descriptor has been mediated: dependency: org.scala-lang#scala-library;2.10.6 {compile=[compile(*), master(compile)], runtime=[runtime(*)]} => dependency: org.scala-lang#scala-library;2.10.4 {compile=[compile(*), master(compile)], runtime=[runtime(*)]}))
Sending msg to client activator-cc513f63-a51a-447d-beba-1fa887b9c3d1: DetachedLogEvent(LogMessage(debug,dependency descriptor has been mediated: dependency: org.scala-lang#scala-library;2.10.6 {provided=[default(compile)]} => dependency: org.scala-lang#scala-library;2.10.4 {provided=[default(compile)]}))
Sending msg to client activator-cc513f63-a51a-447d-beba-1fa887b9c3d1: DetachedLogEvent(LogMessage(debug,dependency descriptor has been mediated: dependency: org.scala-lang#scala-reflect;2.10.6 {provided=[default(compile)]} => dependency: org.scala-lang#scala-reflect;2.10.4 {provided=[default(compile)]}))
Sending msg to client activator-cc513f63-a51a-447d-beba-1fa887b9c3d1: DetachedLogEvent(LogMessage(debug,dependency descriptor has been mediated: dependency: org.scala-lang#scala-library;2.10.6 {provided=[default(compile)]} => dependency: org.scala-lang#scala-library;2.10.4 {provided=[default(compile)]}))
Sending msg to client activator-cc513f63-a51a-447d-beba-1fa887b9c3d1: DetachedLogEvent(LogMessage(debug,dependency descriptor has been mediated: dependency: org.scala-lang#scala-reflect;2.10.6 {provided=[default(compile)]} => dependency: org.scala-lang#scala-reflect;2.10.4 {provided=[default(compile)]}))
Sending msg to client activator-cc513f63-a51a-447d-beba-1fa887b9c3d1: DetachedLogEvent(LogMessage(debug,dependency descriptor has been mediated: dependency: org.scala-lang#scala-compiler;2.10.4 {scala-tool=[default, optional(default)]} => dependency: org.scala-lang#scala-compiler;2.10.4 {scala-tool=[default, optional(default)]}))
Sending msg to client activator-cc513f63-a51a-447d-beba-1fa887b9c3d1: DetachedLogEvent(LogMessage(debug,dependency descriptor has been mediated: sbt.ivyint.MergedDescriptors@4c30d1bf => sbt.ivyint.MergedDescriptors@3fc2007d))
Sending msg to client activator-cc513f63-a51a-447d-beba-1fa887b9c3d1: DetachedLogEvent(LogStdOut([A[2K[info] Resolving com.typesafe.play#build-link;2.5.10 ...))
Sending msg to client activator-cc513f63-a51a-447d-beba-1fa887b9c3d1: DetachedLogEvent(LogMessage(info,Resolving com.typesafe.play#build-link;2.5.10 ...))
Sending msg to client activator-cc513f63-a51a-447d-beba-1fa887b9c3d1: DetachedLogEvent(LogMessage(debug,sbt-chain: Checking cache for: dependency: com.typesafe.play#build-link;2.5.10 {compile=[compile(*), master(compile)], runtime=[runtime(*)]}))
Sending msg to client activator-cc513f63-a51a-447d-beba-1fa887b9c3d1: DetachedLogEvent(LogStdOut([A[2K[info] Resolving com.typesafe.play#build-link;2.5.10 ...))
Sending msg to client activator-cc513f63-a51a-447d-beba-1fa887b9c3d1: DetachedLogEvent(LogMessage(info,Resolving com.typesafe.play#build-link;2.5.10 ...))
Sending msg to client activator-cc513f63-a51a-447d-beba-1fa887b9c3d1: DetachedLogEvent(LogMessage(debug,sbt-chain-delegate: Checking cache for: dependency: com.typesafe.play#build-link;2.5.10 {compile=[compile(*), master(compile)], runtime=[runtime(*)]}))
Sending msg to client activator-cc513f63-a51a-447d-beba-1fa887b9c3d1: DetachedLogEvent(LogMessage(debug,		tried https://repo.typesafe.com/typesafe/ivy-releases/com.typesafe.play/build-link/2.5.10/ivys/ivy.xml))
Sending msg to client activator-cc513f63-a51a-447d-beba-1fa887b9c3d1: DetachedLogEvent(LogMessage(debug,CLIENT ERROR: Not Found url=https://repo.typesafe.com/typesafe/ivy-releases/com.typesafe.play/build-link/2.5.10/ivys/ivy.xml))
Sending msg to client activator-cc513f63-a51a-447d-beba-1fa887b9c3d1: DetachedLogEvent(LogMessage(debug,	typesafe-ivy-releases: no ivy file found for com.typesafe.play#build-link;2.5.10))
Sending msg to client activator-cc513f63-a51a-447d-beba-1fa887b9c3d1: DetachedLogEvent(LogMessage(debug,		tried https://repo.scala-sbt.org/scalasbt/sbt-plugin-releases/com.typesafe.play/build-link/2.5.10/ivys/ivy.xml))
Sending msg to client activator-cc513f63-a51a-447d-beba-1fa887b9c3d1: DetachedLogEvent(LogMessage(debug,CLIENT ERROR: Not Found url=https://repo.scala-sbt.org/scalasbt/sbt-plugin-releases/com.typesafe.play/build-link/2.5.10/ivys/ivy.xml))
Sending msg to client activator-cc513f63-a51a-447d-beba-1fa887b9c3d1: DetachedLogEvent(LogMessage(debug,	sbt-plugin-releases: no ivy file found for com.typesafe.play#build-link;2.5.10))
Sending msg to client activator-cc513f63-a51a-447d-beba-1fa887b9c3d1: DetachedLogEvent(LogMessage(debug,		tried /home/rahul/.ivy2/local/com.typesafe.play/build-link/2.5.10/ivys/ivy.xml))
Sending msg to client activator-cc513f63-a51a-447d-beba-1fa887b9c3d1: DetachedLogEvent(LogMessage(debug,	local: no ivy file found for com.typesafe.play#build-link;2.5.10))
Sending msg to client activator-cc513f63-a51a-447d-beba-1fa887b9c3d1: DetachedLogEvent(LogMessage(debug,		tried /home/rahul/.activator/repository/com.typesafe.play/build-link/2.5.10/ivys/ivy.xml))
Sending msg to client activator-cc513f63-a51a-447d-beba-1fa887b9c3d1: DetachedLogEvent(LogMessage(debug,	activator-launcher-local: no ivy file found for com.typesafe.play#build-link;2.5.10))
Sending msg to client activator-cc513f63-a51a-447d-beba-1fa887b9c3d1: DetachedLogEvent(LogMessage(debug,		tried /home/rahul/activator-dist-1.3.10/repository/com.typesafe.play/build-link/2.5.10/ivys/ivy.xml))
Sending msg to client activator-cc513f63-a51a-447d-beba-1fa887b9c3d1: DetachedLogEvent(LogMessage(debug,	activator-local: no ivy file found for com.typesafe.play#build-link;2.5.10))
Sending msg to client activator-cc513f63-a51a-447d-beba-1fa887b9c3d1: DetachedLogEvent(LogMessage(debug,		tried https://repo1.maven.org/maven2/com/typesafe/play/build-link/2.5.10/build-link-2.5.10.pom))
Sending msg to client activator-cc513f63-a51a-447d-beba-1fa887b9c3d1: DetachedLogEvent(LogMessage(debug,	public: found md file for com.typesafe.play#build-link;2.5.10))
Sending msg to client activator-cc513f63-a51a-447d-beba-1fa887b9c3d1: DetachedLogEvent(LogMessage(debug,		=> https://repo1.maven.org/maven2/com/typesafe/play/build-link/2.5.10/build-link-2.5.10.pom (2.5.10)))
Sending msg to client activator-cc513f63-a51a-447d-beba-1fa887b9c3d1: DetachedLogEvent(LogMessage(debug,downloading https://repo1.maven.org/maven2/com/typesafe/play/build-link/2.5.10/build-link-2.5.10.pom ...))
Sending msg to client activator-cc513f63-a51a-447d-beba-1fa887b9c3d1: DetachedLogEvent(LogMessage(debug,	public: downloading https://repo1.maven.org/maven2/com/typesafe/play/build-link/2.5.10/build-link-2.5.10.pom))
Sending msg to client activator-cc513f63-a51a-447d-beba-1fa887b9c3d1: DetachedLogEvent(LogMessage(debug,	public: downloading https://repo1.maven.org/maven2/com/typesafe/play/build-link/2.5.10/build-link-2.5.10.pom.sha1))
Sending msg to client activator-cc513f63-a51a-447d-beba-1fa887b9c3d1: DetachedLogEvent(LogMessage(debug,sha1 OK for https://repo1.maven.org/maven2/com/typesafe/play/build-link/2.5.10/build-link-2.5.10.pom))
Sending msg to client activator-cc513f63-a51a-447d-beba-1fa887b9c3d1: DetachedLogEvent(LogMessage(debug,	[SUCCESSFUL ] com.typesafe.play#build-link;2.5.10!build-link.pom(pom.original) (547ms)))
Sending msg to client activator-cc513f63-a51a-447d-beba-1fa887b9c3d1: DetachedLogEvent(LogMessage(debug,		tried https://repo.typesafe.com/typesafe/ivy-releases/com.typesafe.play/build-link/2.5.10/jars/build-link.jar))
Sending msg to client activator-cc513f63-a51a-447d-beba-1fa887b9c3d1: DetachedLogEvent(LogMessage(debug,CLIENT ERROR: Not Found url=https://repo.typesafe.com/typesafe/ivy-releases/com.typesafe.play/build-link/2.5.10/jars/build-link.jar))
Sending msg to client activator-cc513f63-a51a-447d-beba-1fa887b9c3d1: DetachedLogEvent(LogMessage(debug,		tried https://repo.scala-sbt.org/scalasbt/sbt-plugin-releases/com.typesafe.play/build-link/2.5.10/jars/build-link.jar))
