New log file opened at Sat Mar 25 16:57:30 IST 2017 by 6445@knoldus
jvm 6445@knoldus
jvm vmName=Java HotSpot(TM) 64-Bit Server VM vmVendor=Oracle Corporation vmVersion=25.111-b14
jvm specName=Java Virtual Machine Specification specVendor=Oracle Corporation specVersion=1.8
jvm arguments: [-Xms256m, -Xmx1024m, -XX:MetaspaceSize=64m, -XX:MaxMetaspaceSize=256m]
Starting event engine
Starting sbt command engine
Waiting for sbt command engine
Command engine arguments=List()
Command engine baseDirectory=/home/rahul/Documents/gulmohar
Command engine initial remaining commands List(--initialize, onFailure load-failed, boot, server-send-ready-for-request, server-handle-next-server-request)
> --initialize
> initialize
> onFailure load-failed
> boot
> reload
[Loading] Scanning directory /home/rahul/Documents/gulmohar/project
[Loading] Found non-root projects 
[Loading] Done in /home/rahul/Documents/gulmohar/project, returning: ()
deducing auto plugins based on known facts Set(Atom(sbt.plugins.CorePlugin)) and clauses Clauses(List(Clause(Atom(sbt.plugins.JvmPlugin),Set(Atom(sbt.plugins.IvyPlugin))), Clause(Atom(sbt.plugins.JUnitXmlReportPlugin),Set(Atom(sbt.plugins.JvmPlugin))), Clause(Atom(sbt.plugins.CorePlugin),Set(Atom(sbt.plugins.IvyPlugin))), Clause(Atom(sbt.plugins.IvyPlugin),Set(Atom(sbt.plugins.JvmPlugin))), Clause(Atom(sbt.plugins.JvmPlugin),Set(Atom(sbt.plugins.JUnitXmlReportPlugin)))))
  :: deduced result: Matched(sbt.plugins.CorePlugin,sbt.plugins.IvyPlugin,sbt.plugins.JvmPlugin,sbt.plugins.JUnitXmlReportPlugin)
sorting: ns: List(sbt.plugins.CorePlugin, sbt.plugins.IvyPlugin, sbt.plugins.JvmPlugin, sbt.plugins.JUnitXmlReportPlugin)
  :: sorting:: found: List(sbt.plugins.CorePlugin) not found List(sbt.plugins.IvyPlugin, sbt.plugins.JvmPlugin, sbt.plugins.JUnitXmlReportPlugin)
  :: sorting:: found: List(sbt.plugins.CorePlugin, sbt.plugins.IvyPlugin) not found List(sbt.plugins.JvmPlugin, sbt.plugins.JUnitXmlReportPlugin)
  :: sorting:: found: List(sbt.plugins.CorePlugin, sbt.plugins.IvyPlugin, sbt.plugins.JvmPlugin) not found List(sbt.plugins.JUnitXmlReportPlugin)
  :: sorting:: found: List(sbt.plugins.CorePlugin, sbt.plugins.IvyPlugin, sbt.plugins.JvmPlugin, sbt.plugins.JUnitXmlReportPlugin) not found List()
  :: sorted deduced result: List(sbt.plugins.CorePlugin, sbt.plugins.IvyPlugin, sbt.plugins.JvmPlugin, sbt.plugins.JUnitXmlReportPlugin)
[Loading] Done in /home/rahul/Documents/gulmohar/project, returning: (gulmohar-build)
Loading project definition from /home/rahul/Documents/gulmohar/project
Running task... Cancel: sbt.TaskCancellationStrategy$Null$@519e6e3e, check cycles: false
[info] Updating {file:/home/rahul/Documents/gulmohar/project/}gulmohar-build...
Updating {file:/home/rahul/Documents/gulmohar/project/}gulmohar-build...
Other repositories:
Default repositories:
Using inline dependencies specified in Scala.
:: resolving dependencies :: default#gulmohar-build;0.1-SNAPSHOT
	confs: [compile, runtime, test, provided, optional, compile-internal, runtime-internal, test-internal, plugin, sources, docs, pom, scala-tool]
	validate = true
	refresh = false
resolving dependencies for configuration 'compile'
== resolving dependencies for default#gulmohar-build;0.1-SNAPSHOT [compile]
== resolving dependencies default#gulmohar-build;0.1-SNAPSHOT->com.typesafe.play#sbt-plugin;2.5.10 [compile->default(compile)]
[info] Resolving com.typesafe.play#sbt-plugin;2.5.10 ...
Resolving com.typesafe.play#sbt-plugin;2.5.10 ...
sbt-chain: Checking cache for: dependency: com.typesafe.play#sbt-plugin;2.5.10 {compile=[default(compile)]}
[A[2K[info] Resolving com.typesafe.play#sbt-plugin;2.5.10 ...
Resolving com.typesafe.play#sbt-plugin;2.5.10 ...
sbt-chain-delegate: Checking cache for: dependency: com.typesafe.play#sbt-plugin;2.5.10 {compile=[default(compile)]}
		tried https://repo.typesafe.com/typesafe/ivy-releases/com.typesafe.play/sbt-plugin/scala_2.10/sbt_0.13/2.5.10/ivys/ivy.xml
CLIENT ERROR: Not Found url=https://repo.typesafe.com/typesafe/ivy-releases/com.typesafe.play/sbt-plugin/scala_2.10/sbt_0.13/2.5.10/ivys/ivy.xml
	typesafe-ivy-releases: no ivy file found for com.typesafe.play#sbt-plugin;2.5.10
		tried https://repo.scala-sbt.org/scalasbt/sbt-plugin-releases/com.typesafe.play/sbt-plugin/scala_2.10/sbt_0.13/2.5.10/ivys/ivy.xml
	sbt-plugin-releases: found md file for com.typesafe.play#sbt-plugin;2.5.10
		=> https://repo.scala-sbt.org/scalasbt/sbt-plugin-releases/com.typesafe.play/sbt-plugin/scala_2.10/sbt_0.13/2.5.10/ivys/ivy.xml (2.5.10)
downloading https://repo.scala-sbt.org/scalasbt/sbt-plugin-releases/com.typesafe.play/sbt-plugin/scala_2.10/sbt_0.13/2.5.10/ivys/ivy.xml ...
	sbt-plugin-releases: downloading https://repo.scala-sbt.org/scalasbt/sbt-plugin-releases/com.typesafe.play/sbt-plugin/scala_2.10/sbt_0.13/2.5.10/ivys/ivy.xml
	sbt-plugin-releases: downloading https://repo.scala-sbt.org/scalasbt/sbt-plugin-releases/com.typesafe.play/sbt-plugin/scala_2.10/sbt_0.13/2.5.10/ivys/ivy.xml.sha1
sha1 OK for https://repo.scala-sbt.org/scalasbt/sbt-plugin-releases/com.typesafe.play/sbt-plugin/scala_2.10/sbt_0.13/2.5.10/ivys/ivy.xml
	[SUCCESSFUL ] com.typesafe.play#sbt-plugin;2.5.10!ivy.xml(ivy.original) (3668ms)
	found com.typesafe.play#sbt-plugin;2.5.10 in sbt-plugin-releases
dependency descriptor has been mediated: dependency: org.scala-lang#scala-library;2.10.6 {provided=[default(compile)]} => dependency: org.scala-lang#scala-library;2.10.4 {provided=[default(compile)]}
dependency descriptor has been mediated: dependency: org.scala-lang#scala-reflect;2.10.6 {provided=[default(compile)]} => dependency: org.scala-lang#scala-reflect;2.10.4 {provided=[default(compile)]}
== resolving dependencies com.typesafe.play#sbt-plugin;2.5.10->com.typesafe.play#sbt-routes-compiler_2.10;2.5.10 [compile->default(compile)]
dependency descriptor has been mediated: dependency: org.scala-lang#scala-library;2.10.6 {provided=[default(compile)]} => dependency: org.scala-lang#scala-library;2.10.4 {provided=[default(compile)]}
dependency descriptor has been mediated: dependency: org.scala-lang#scala-reflect;2.10.6 {provided=[default(compile)]} => dependency: org.scala-lang#scala-reflect;2.10.4 {provided=[default(compile)]}
dependency descriptor has been mediated: dependency: org.scala-lang#scala-library;2.10.6 {provided=[default(compile)]} => dependency: org.scala-lang#scala-library;2.10.4 {provided=[default(compile)]}
dependency descriptor has been mediated: dependency: org.scala-lang#scala-reflect;2.10.6 {provided=[default(compile)]} => dependency: org.scala-lang#scala-reflect;2.10.4 {provided=[default(compile)]}
dependency descriptor has been mediated: dependency: org.scala-lang#scala-compiler;2.10.4 {scala-tool=[default, optional(default)]} => dependency: org.scala-lang#scala-compiler;2.10.4 {scala-tool=[default, optional(default)]}
dependency descriptor has been mediated: sbt.ivyint.MergedDescriptors@4c30d1bf => sbt.ivyint.MergedDescriptors@3a49bae
[A[2K[info] Resolving com.typesafe.play#sbt-routes-compiler_2.10;2.5.10 ...
Resolving com.typesafe.play#sbt-routes-compiler_2.10;2.5.10 ...
sbt-chain: Checking cache for: dependency: com.typesafe.play#sbt-routes-compiler_2.10;2.5.10 {compile=[default(compile)]}
[A[2K[info] Resolving com.typesafe.play#sbt-routes-compiler_2.10;2.5.10 ...
Resolving com.typesafe.play#sbt-routes-compiler_2.10;2.5.10 ...
sbt-chain-delegate: Checking cache for: dependency: com.typesafe.play#sbt-routes-compiler_2.10;2.5.10 {compile=[default(compile)]}
		tried https://repo.typesafe.com/typesafe/ivy-releases/com.typesafe.play/sbt-routes-compiler_2.10/2.5.10/ivys/ivy.xml
CLIENT ERROR: Not Found url=https://repo.typesafe.com/typesafe/ivy-releases/com.typesafe.play/sbt-routes-compiler_2.10/2.5.10/ivys/ivy.xml
	typesafe-ivy-releases: no ivy file found for com.typesafe.play#sbt-routes-compiler_2.10;2.5.10
		tried https://repo.scala-sbt.org/scalasbt/sbt-plugin-releases/com.typesafe.play/sbt-routes-compiler_2.10/2.5.10/ivys/ivy.xml
CLIENT ERROR: Not Found url=https://repo.scala-sbt.org/scalasbt/sbt-plugin-releases/com.typesafe.play/sbt-routes-compiler_2.10/2.5.10/ivys/ivy.xml
	sbt-plugin-releases: no ivy file found for com.typesafe.play#sbt-routes-compiler_2.10;2.5.10
		tried /home/rahul/.ivy2/local/com.typesafe.play/sbt-routes-compiler_2.10/2.5.10/ivys/ivy.xml
	local: no ivy file found for com.typesafe.play#sbt-routes-compiler_2.10;2.5.10
		tried /home/rahul/.activator/repository/com.typesafe.play/sbt-routes-compiler_2.10/2.5.10/ivys/ivy.xml
	activator-launcher-local: no ivy file found for com.typesafe.play#sbt-routes-compiler_2.10;2.5.10
		tried /home/rahul/activator-dist-1.3.10/repository/com.typesafe.play/sbt-routes-compiler_2.10/2.5.10/ivys/ivy.xml
	activator-local: no ivy file found for com.typesafe.play#sbt-routes-compiler_2.10;2.5.10
		tried https://repo1.maven.org/maven2/com/typesafe/play/sbt-routes-compiler_2.10/2.5.10/sbt-routes-compiler_2.10-2.5.10.pom
	public: found md file for com.typesafe.play#sbt-routes-compiler_2.10;2.5.10
		=> https://repo1.maven.org/maven2/com/typesafe/play/sbt-routes-compiler_2.10/2.5.10/sbt-routes-compiler_2.10-2.5.10.pom (2.5.10)
downloading https://repo1.maven.org/maven2/com/typesafe/play/sbt-routes-compiler_2.10/2.5.10/sbt-routes-compiler_2.10-2.5.10.pom ...
	public: downloading https://repo1.maven.org/maven2/com/typesafe/play/sbt-routes-compiler_2.10/2.5.10/sbt-routes-compiler_2.10-2.5.10.pom
	public: downloading https://repo1.maven.org/maven2/com/typesafe/play/sbt-routes-compiler_2.10/2.5.10/sbt-routes-compiler_2.10-2.5.10.pom.sha1
sha1 OK for https://repo1.maven.org/maven2/com/typesafe/play/sbt-routes-compiler_2.10/2.5.10/sbt-routes-compiler_2.10-2.5.10.pom
	[SUCCESSFUL ] com.typesafe.play#sbt-routes-compiler_2.10;2.5.10!sbt-routes-compiler_2.10.pom(pom.original) (545ms)
		tried https://repo.typesafe.com/typesafe/ivy-releases/com.typesafe.play/sbt-routes-compiler_2.10/2.5.10/jars/sbt-routes-compiler_2.10.jar
CLIENT ERROR: Not Found url=https://repo.typesafe.com/typesafe/ivy-releases/com.typesafe.play/sbt-routes-compiler_2.10/2.5.10/jars/sbt-routes-compiler_2.10.jar
		tried https://repo.scala-sbt.org/scalasbt/sbt-plugin-releases/com.typesafe.play/sbt-routes-compiler_2.10/2.5.10/jars/sbt-routes-compiler_2.10.jar
CLIENT ERROR: Not Found url=https://repo.scala-sbt.org/scalasbt/sbt-plugin-releases/com.typesafe.play/sbt-routes-compiler_2.10/2.5.10/jars/sbt-routes-compiler_2.10.jar
		tried /home/rahul/.ivy2/local/com.typesafe.play/sbt-routes-compiler_2.10/2.5.10/jars/sbt-routes-compiler_2.10.jar
		tried /home/rahul/.activator/repository/com.typesafe.play/sbt-routes-compiler_2.10/2.5.10/jars/sbt-routes-compiler_2.10.jar
		tried /home/rahul/activator-dist-1.3.10/repository/com.typesafe.play/sbt-routes-compiler_2.10/2.5.10/jars/sbt-routes-compiler_2.10.jar
		tried https://repo1.maven.org/maven2/com/typesafe/play/sbt-routes-compiler_2.10/2.5.10/sbt-routes-compiler_2.10-2.5.10.jar
	found com.typesafe.play#sbt-routes-compiler_2.10;2.5.10 in public
== resolving dependencies com.typesafe.play#sbt-plugin;2.5.10->com.typesafe.play#sbt-routes-compiler_2.10;2.5.10 [compile->runtime]
== resolving dependencies com.typesafe.play#sbt-plugin;2.5.10->com.typesafe.play#sbt-routes-compiler_2.10;2.5.10 [compile->compile]
dependency descriptor has been mediated: dependency: org.scala-lang#scala-library;2.10.6 {compile=[compile(*), master(compile)], runtime=[runtime(*)]} => dependency: org.scala-lang#scala-library;2.10.4 {compile=[compile(*), master(compile)], runtime=[runtime(*)]}
== resolving dependencies com.typesafe.play#sbt-routes-compiler_2.10;2.5.10->org.scala-lang#scala-library;2.10.4 [compile->master(compile)]
dependency descriptor has been mediated: dependency: org.scala-lang#scala-library;2.10.6 {compile=[compile(*), master(compile)], runtime=[runtime(*)]} => dependency: org.scala-lang#scala-library;2.10.4 {compile=[compile(*), master(compile)], runtime=[runtime(*)]}
dependency descriptor has been mediated: dependency: org.scala-lang#scala-library;2.10.6 {compile=[compile(*), master(compile)], runtime=[runtime(*)]} => dependency: org.scala-lang#scala-library;2.10.4 {compile=[compile(*), master(compile)], runtime=[runtime(*)]}
dependency descriptor has been mediated: dependency: org.scala-lang#scala-library;2.10.6 {compile=[compile(*), master(compile)], runtime=[runtime(*)]} => dependency: org.scala-lang#scala-library;2.10.4 {compile=[compile(*), master(compile)], runtime=[runtime(*)]}
dependency descriptor has been mediated: dependency: org.scala-lang#scala-library;2.10.6 {compile=[compile(*), master(compile)], runtime=[runtime(*)]} => dependency: org.scala-lang#scala-library;2.10.4 {compile=[compile(*), master(compile)], runtime=[runtime(*)]}
dependency descriptor has been mediated: dependency: org.scala-lang#scala-library;2.10.6 {compile=[compile(*), master(compile)], runtime=[runtime(*)]} => dependency: org.scala-lang#scala-library;2.10.4 {compile=[compile(*), master(compile)], runtime=[runtime(*)]}
dependency descriptor has been mediated: dependency: org.scala-lang#scala-library;2.10.6 {provided=[default(compile)]} => dependency: org.scala-lang#scala-library;2.10.4 {provided=[default(compile)]}
dependency descriptor has been mediated: dependency: org.scala-lang#scala-reflect;2.10.6 {provided=[default(compile)]} => dependency: org.scala-lang#scala-reflect;2.10.4 {provided=[default(compile)]}
dependency descriptor has been mediated: dependency: org.scala-lang#scala-library;2.10.6 {provided=[default(compile)]} => dependency: org.scala-lang#scala-library;2.10.4 {provided=[default(compile)]}
dependency descriptor has been mediated: dependency: org.scala-lang#scala-reflect;2.10.6 {provided=[default(compile)]} => dependency: org.scala-lang#scala-reflect;2.10.4 {provided=[default(compile)]}
dependency descriptor has been mediated: dependency: org.scala-lang#scala-compiler;2.10.4 {scala-tool=[default, optional(default)]} => dependency: org.scala-lang#scala-compiler;2.10.4 {scala-tool=[default, optional(default)]}
dependency descriptor has been mediated: sbt.ivyint.MergedDescriptors@4c30d1bf => sbt.ivyint.MergedDescriptors@3d906bd
[A[2K[info] Resolving org.scala-lang#scala-library;2.10.4 ...
Resolving org.scala-lang#scala-library;2.10.4 ...
sbt-chain: Checking cache for: dependency: org.scala-lang#scala-library;2.10.4 {compile=[compile(*), master(compile)], runtime=[runtime(*)]}
sbt-chain: module revision found in cache: org.scala-lang#scala-library;2.10.4
	found org.scala-lang#scala-library;2.10.4 in sbt-chain
	[2.10.4] org.scala-lang#scala-library;2.10.4
== resolving dependencies com.typesafe.play#sbt-routes-compiler_2.10;2.5.10->org.scala-lang#scala-library;2.10.4 [compile->compile(*)]
== resolving dependencies com.typesafe.play#sbt-routes-compiler_2.10;2.5.10->org.scala-lang#scala-library;2.10.4 [compile->runtime(*)]
== resolving dependencies com.typesafe.play#sbt-routes-compiler_2.10;2.5.10->org.scala-lang#scala-library;2.10.4 [compile->compile]
== resolving dependencies com.typesafe.play#sbt-routes-compiler_2.10;2.5.10->com.typesafe.play#twirl-api_2.10;1.1.1 [compile->master(compile)]
dependency descriptor has been mediated: dependency: org.scala-lang#scala-library;2.10.6 {compile=[compile(*), master(compile)], runtime=[runtime(*)]} => dependency: org.scala-lang#scala-library;2.10.4 {compile=[compile(*), master(compile)], runtime=[runtime(*)]}
dependency descriptor has been mediated: dependency: org.scala-lang#scala-library;2.10.6 {compile=[compile(*), master(compile)], runtime=[runtime(*)]} => dependency: org.scala-lang#scala-library;2.10.4 {compile=[compile(*), master(compile)], runtime=[runtime(*)]}
dependency descriptor has been mediated: dependency: org.scala-lang#scala-library;2.10.6 {compile=[compile(*), master(compile)], runtime=[runtime(*)]} => dependency: org.scala-lang#scala-library;2.10.4 {compile=[compile(*), master(compile)], runtime=[runtime(*)]}
dependency descriptor has been mediated: dependency: org.scala-lang#scala-library;2.10.6 {compile=[compile(*), master(compile)], runtime=[runtime(*)]} => dependency: org.scala-lang#scala-library;2.10.4 {compile=[compile(*), master(compile)], runtime=[runtime(*)]}
dependency descriptor has been mediated: dependency: org.scala-lang#scala-library;2.10.6 {compile=[compile(*), master(compile)], runtime=[runtime(*)]} => dependency: org.scala-lang#scala-library;2.10.4 {compile=[compile(*), master(compile)], runtime=[runtime(*)]}
dependency descriptor has been mediated: dependency: org.scala-lang#scala-library;2.10.6 {provided=[default(compile)]} => dependency: org.scala-lang#scala-library;2.10.4 {provided=[default(compile)]}
dependency descriptor has been mediated: dependency: org.scala-lang#scala-reflect;2.10.6 {provided=[default(compile)]} => dependency: org.scala-lang#scala-reflect;2.10.4 {provided=[default(compile)]}
dependency descriptor has been mediated: dependency: org.scala-lang#scala-library;2.10.6 {provided=[default(compile)]} => dependency: org.scala-lang#scala-library;2.10.4 {provided=[default(compile)]}
dependency descriptor has been mediated: dependency: org.scala-lang#scala-reflect;2.10.6 {provided=[default(compile)]} => dependency: org.scala-lang#scala-reflect;2.10.4 {provided=[default(compile)]}
dependency descriptor has been mediated: dependency: org.scala-lang#scala-compiler;2.10.4 {scala-tool=[default, optional(default)]} => dependency: org.scala-lang#scala-compiler;2.10.4 {scala-tool=[default, optional(default)]}
dependency descriptor has been mediated: sbt.ivyint.MergedDescriptors@4c30d1bf => sbt.ivyint.MergedDescriptors@41844264
[A[2K[info] Resolving com.typesafe.play#twirl-api_2.10;1.1.1 ...
Resolving com.typesafe.play#twirl-api_2.10;1.1.1 ...
sbt-chain: Checking cache for: dependency: com.typesafe.play#twirl-api_2.10;1.1.1 {compile=[compile(*), master(compile)], runtime=[runtime(*)]}
sbt-chain: module revision found in cache: com.typesafe.play#twirl-api_2.10;1.1.1
	found com.typesafe.play#twirl-api_2.10;1.1.1 in sbt-chain
dependency descriptor has been mediated: dependency: org.scala-lang#scala-library;2.10.5 {compile=[compile(*), master(compile)], runtime=[runtime(*)]} => dependency: org.scala-lang#scala-library;2.10.4 {compile=[compile(*), master(compile)], runtime=[runtime(*)]}
== resolving dependencies com.typesafe.play#sbt-routes-compiler_2.10;2.5.10->com.typesafe.play#twirl-api_2.10;1.1.1 [compile->compile(*)]
dependency descriptor has been mediated: dependency: org.scala-lang#scala-library;2.10.5 {compile=[compile(*), master(compile)], runtime=[runtime(*)]} => dependency: org.scala-lang#scala-library;2.10.4 {compile=[compile(*), master(compile)], runtime=[runtime(*)]}
== resolving dependencies com.typesafe.play#twirl-api_2.10;1.1.1->org.scala-lang#scala-library;2.10.4 [compile->master(compile)]
dependency descriptor has been mediated: dependency: org.scala-lang#scala-library;2.10.5 {compile=[compile(*), master(compile)], runtime=[runtime(*)]} => dependency: org.scala-lang#scala-library;2.10.4 {compile=[compile(*), master(compile)], runtime=[runtime(*)]}
dependency descriptor has been mediated: dependency: org.scala-lang#scala-library;2.10.5 {compile=[compile(*), master(compile)], runtime=[runtime(*)]} => dependency: org.scala-lang#scala-library;2.10.4 {compile=[compile(*), master(compile)], runtime=[runtime(*)]}
dependency descriptor has been mediated: dependency: org.scala-lang#scala-library;2.10.5 {compile=[compile(*), master(compile)], runtime=[runtime(*)]} => dependency: org.scala-lang#scala-library;2.10.4 {compile=[compile(*), master(compile)], runtime=[runtime(*)]}
dependency descriptor has been mediated: dependency: org.scala-lang#scala-library;2.10.5 {compile=[compile(*), master(compile)], runtime=[runtime(*)]} => dependency: org.scala-lang#scala-library;2.10.4 {compile=[compile(*), master(compile)], runtime=[runtime(*)]}
dependency descriptor has been mediated: dependency: org.scala-lang#scala-library;2.10.5 {compile=[compile(*), master(compile)], runtime=[runtime(*)]} => dependency: org.scala-lang#scala-library;2.10.4 {compile=[compile(*), master(compile)], runtime=[runtime(*)]}
== resolving dependencies com.typesafe.play#twirl-api_2.10;1.1.1->org.scala-lang#scala-library;2.10.4 [compile->compile(*)]
== resolving dependencies com.typesafe.play#twirl-api_2.10;1.1.1->org.apache.commons#commons-lang3;3.4 [compile->master(compile)]
dependency descriptor has been mediated: dependency: org.scala-lang#scala-library;2.10.5 {compile=[compile(*), master(compile)], runtime=[runtime(*)]} => dependency: org.scala-lang#scala-library;2.10.4 {compile=[compile(*), master(compile)], runtime=[runtime(*)]}
dependency descriptor has been mediated: dependency: org.scala-lang#scala-library;2.10.5 {compile=[compile(*), master(compile)], runtime=[runtime(*)]} => dependency: org.scala-lang#scala-library;2.10.4 {compile=[compile(*), master(compile)], runtime=[runtime(*)]}
dependency descriptor has been mediated: dependency: org.scala-lang#scala-library;2.10.5 {compile=[compile(*), master(compile)], runtime=[runtime(*)]} => dependency: org.scala-lang#scala-library;2.10.4 {compile=[compile(*), master(compile)], runtime=[runtime(*)]}
dependency descriptor has been mediated: dependency: org.scala-lang#scala-library;2.10.5 {compile=[compile(*), master(compile)], runtime=[runtime(*)]} => dependency: org.scala-lang#scala-library;2.10.4 {compile=[compile(*), master(compile)], runtime=[runtime(*)]}
dependency descriptor has been mediated: dependency: org.scala-lang#scala-library;2.10.5 {compile=[compile(*), master(compile)], runtime=[runtime(*)]} => dependency: org.scala-lang#scala-library;2.10.4 {compile=[compile(*), master(compile)], runtime=[runtime(*)]}
dependency descriptor has been mediated: dependency: org.scala-lang#scala-library;2.10.6 {compile=[compile(*), master(compile)], runtime=[runtime(*)]} => dependency: org.scala-lang#scala-library;2.10.4 {compile=[compile(*), master(compile)], runtime=[runtime(*)]}
dependency descriptor has been mediated: dependency: org.scala-lang#scala-library;2.10.6 {compile=[compile(*), master(compile)], runtime=[runtime(*)]} => dependency: org.scala-lang#scala-library;2.10.4 {compile=[compile(*), master(compile)], runtime=[runtime(*)]}
dependency descriptor has been mediated: dependency: org.scala-lang#scala-library;2.10.6 {compile=[compile(*), master(compile)], runtime=[runtime(*)]} => dependency: org.scala-lang#scala-library;2.10.4 {compile=[compile(*), master(compile)], runtime=[runtime(*)]}
dependency descriptor has been mediated: dependency: org.scala-lang#scala-library;2.10.6 {compile=[compile(*), master(compile)], runtime=[runtime(*)]} => dependency: org.scala-lang#scala-library;2.10.4 {compile=[compile(*), master(compile)], runtime=[runtime(*)]}
dependency descriptor has been mediated: dependency: org.scala-lang#scala-library;2.10.6 {compile=[compile(*), master(compile)], runtime=[runtime(*)]} => dependency: org.scala-lang#scala-library;2.10.4 {compile=[compile(*), master(compile)], runtime=[runtime(*)]}
dependency descriptor has been mediated: dependency: org.scala-lang#scala-library;2.10.6 {provided=[default(compile)]} => dependency: org.scala-lang#scala-library;2.10.4 {provided=[default(compile)]}
dependency descriptor has been mediated: dependency: org.scala-lang#scala-reflect;2.10.6 {provided=[default(compile)]} => dependency: org.scala-lang#scala-reflect;2.10.4 {provided=[default(compile)]}
dependency descriptor has been mediated: dependency: org.scala-lang#scala-library;2.10.6 {provided=[default(compile)]} => dependency: org.scala-lang#scala-library;2.10.4 {provided=[default(compile)]}
dependency descriptor has been mediated: dependency: org.scala-lang#scala-reflect;2.10.6 {provided=[default(compile)]} => dependency: org.scala-lang#scala-reflect;2.10.4 {provided=[default(compile)]}
dependency descriptor has been mediated: dependency: org.scala-lang#scala-compiler;2.10.4 {scala-tool=[default, optional(default)]} => dependency: org.scala-lang#scala-compiler;2.10.4 {scala-tool=[default, optional(default)]}
dependency descriptor has been mediated: sbt.ivyint.MergedDescriptors@4c30d1bf => sbt.ivyint.MergedDescriptors@2d32e256
[A[2K[info] Resolving org.apache.commons#commons-lang3;3.4 ...
Resolving org.apache.commons#commons-lang3;3.4 ...
sbt-chain: Checking cache for: dependency: org.apache.commons#commons-lang3;3.4 {compile=[compile(*), master(compile)], runtime=[runtime(*)]}
sbt-chain: module revision found in cache: org.apache.commons#commons-lang3;3.4
	found org.apache.commons#commons-lang3;3.4 in sbt-chain
== resolving dependencies com.typesafe.play#twirl-api_2.10;1.1.1->org.apache.commons#commons-lang3;3.4 [compile->compile(*)]
== resolving dependencies com.typesafe.play#sbt-routes-compiler_2.10;2.5.10->com.typesafe.play#twirl-api_2.10;1.1.1 [compile->runtime(*)]
== resolving dependencies com.typesafe.play#sbt-routes-compiler_2.10;2.5.10->com.typesafe.play#twirl-api_2.10;1.1.1 [compile->compile]
dependency descriptor has been mediated: dependency: org.scala-lang#scala-library;2.10.5 {compile=[compile(*), master(compile)], runtime=[runtime(*)]} => dependency: org.scala-lang#scala-library;2.10.4 {compile=[compile(*), master(compile)], runtime=[runtime(*)]}
== resolving dependencies com.typesafe.play#twirl-api_2.10;1.1.1->org.scala-lang#scala-library;2.10.4 [runtime->runtime(*)]
== resolving dependencies com.typesafe.play#twirl-api_2.10;1.1.1->org.scala-lang#scala-library;2.10.4 [runtime->compile]
== resolving dependencies com.typesafe.play#twirl-api_2.10;1.1.1->org.apache.commons#commons-lang3;3.4 [runtime->runtime(*)]
== resolving dependencies com.typesafe.play#twirl-api_2.10;1.1.1->org.apache.commons#commons-lang3;3.4 [runtime->compile]
== resolving dependencies com.typesafe.play#sbt-routes-compiler_2.10;2.5.10->commons-io#commons-io;2.4 [compile->master(compile)]
dependency descriptor has been mediated: dependency: org.scala-lang#scala-library;2.10.6 {compile=[compile(*), master(compile)], runtime=[runtime(*)]} => dependency: org.scala-lang#scala-library;2.10.4 {compile=[compile(*), master(compile)], runtime=[runtime(*)]}
dependency descriptor has been mediated: dependency: org.scala-lang#scala-library;2.10.6 {compile=[compile(*), master(compile)], runtime=[runtime(*)]} => dependency: org.scala-lang#scala-library;2.10.4 {compile=[compile(*), master(compile)], runtime=[runtime(*)]}
dependency descriptor has been mediated: dependency: org.scala-lang#scala-library;2.10.6 {compile=[compile(*), master(compile)], runtime=[runtime(*)]} => dependency: org.scala-lang#scala-library;2.10.4 {compile=[compile(*), master(compile)], runtime=[runtime(*)]}
dependency descriptor has been mediated: dependency: org.scala-lang#scala-library;2.10.6 {compile=[compile(*), master(compile)], runtime=[runtime(*)]} => dependency: org.scala-lang#scala-library;2.10.4 {compile=[compile(*), master(compile)], runtime=[runtime(*)]}
dependency descriptor has been mediated: dependency: org.scala-lang#scala-library;2.10.6 {compile=[compile(*), master(compile)], runtime=[runtime(*)]} => dependency: org.scala-lang#scala-library;2.10.4 {compile=[compile(*), master(compile)], runtime=[runtime(*)]}
dependency descriptor has been mediated: dependency: org.scala-lang#scala-library;2.10.6 {provided=[default(compile)]} => dependency: org.scala-lang#scala-library;2.10.4 {provided=[default(compile)]}
dependency descriptor has been mediated: dependency: org.scala-lang#scala-reflect;2.10.6 {provided=[default(compile)]} => dependency: org.scala-lang#scala-reflect;2.10.4 {provided=[default(compile)]}
dependency descriptor has been mediated: dependency: org.scala-lang#scala-library;2.10.6 {provided=[default(compile)]} => dependency: org.scala-lang#scala-library;2.10.4 {provided=[default(compile)]}
dependency descriptor has been mediated: dependency: org.scala-lang#scala-reflect;2.10.6 {provided=[default(compile)]} => dependency: org.scala-lang#scala-reflect;2.10.4 {provided=[default(compile)]}
dependency descriptor has been mediated: dependency: org.scala-lang#scala-compiler;2.10.4 {scala-tool=[default, optional(default)]} => dependency: org.scala-lang#scala-compiler;2.10.4 {scala-tool=[default, optional(default)]}
dependency descriptor has been mediated: sbt.ivyint.MergedDescriptors@4c30d1bf => sbt.ivyint.MergedDescriptors@79478995
[A[2K[info] Resolving commons-io#commons-io;2.4 ...
Resolving commons-io#commons-io;2.4 ...
sbt-chain: Checking cache for: dependency: commons-io#commons-io;2.4 {compile=[compile(*), master(compile)], runtime=[runtime(*)]}
sbt-chain: module revision found in cache: commons-io#commons-io;2.4
	found commons-io#commons-io;2.4 in sbt-chain
== resolving dependencies com.typesafe.play#sbt-routes-compiler_2.10;2.5.10->commons-io#commons-io;2.4 [compile->compile(*)]
== resolving dependencies com.typesafe.play#sbt-routes-compiler_2.10;2.5.10->commons-io#commons-io;2.4 [compile->runtime(*)]
== resolving dependencies com.typesafe.play#sbt-routes-compiler_2.10;2.5.10->commons-io#commons-io;2.4 [compile->compile]
dependency descriptor has been mediated: dependency: org.scala-lang#scala-library;2.10.6 {compile=[compile(*), master(compile)], runtime=[runtime(*)]} => dependency: org.scala-lang#scala-library;2.10.4 {compile=[compile(*), master(compile)], runtime=[runtime(*)]}
== resolving dependencies com.typesafe.play#sbt-routes-compiler_2.10;2.5.10->org.scala-lang#scala-library;2.10.4 [runtime->runtime(*)]
== resolving dependencies com.typesafe.play#sbt-routes-compiler_2.10;2.5.10->org.scala-lang#scala-library;2.10.4 [runtime->compile]
== resolving dependencies com.typesafe.play#sbt-routes-compiler_2.10;2.5.10->com.typesafe.play#twirl-api_2.10;1.1.1 [runtime->runtime(*)]
== resolving dependencies com.typesafe.play#sbt-routes-compiler_2.10;2.5.10->com.typesafe.play#twirl-api_2.10;1.1.1 [runtime->compile]
== resolving dependencies com.typesafe.play#sbt-routes-compiler_2.10;2.5.10->commons-io#commons-io;2.4 [runtime->runtime(*)]
== resolving dependencies com.typesafe.play#sbt-routes-compiler_2.10;2.5.10->commons-io#commons-io;2.4 [runtime->compile]
== resolving dependencies com.typesafe.play#sbt-plugin;2.5.10->com.typesafe.play#sbt-routes-compiler_2.10;2.5.10 [compile->master]
dependency descriptor has been mediated: dependency: org.scala-lang#scala-library;2.10.6 {compile=[compile(*), master(compile)], runtime=[runtime(*)]} => dependency: org.scala-lang#scala-library;2.10.4 {compile=[compile(*), master(compile)], runtime=[runtime(*)]}
dependency descriptor has been mediated: dependency: org.scala-lang#scala-library;2.10.6 {compile=[compile(*), master(compile)], runtime=[runtime(*)]} => dependency: org.scala-lang#scala-library;2.10.4 {compile=[compile(*), master(compile)], runtime=[runtime(*)]}
== resolving dependencies com.typesafe.play#sbt-plugin;2.5.10->com.typesafe.play#sbt-run-support_2.10;2.5.10 [compile->default(compile)]
dependency descriptor has been mediated: dependency: org.scala-lang#scala-library;2.10.6 {provided=[default(compile)]} => dependency: org.scala-lang#scala-library;2.10.4 {provided=[default(compile)]}
dependency descriptor has been mediated: dependency: org.scala-lang#scala-reflect;2.10.6 {provided=[default(compile)]} => dependency: org.scala-lang#scala-reflect;2.10.4 {provided=[default(compile)]}
dependency descriptor has been mediated: dependency: org.scala-lang#scala-library;2.10.6 {provided=[default(compile)]} => dependency: org.scala-lang#scala-library;2.10.4 {provided=[default(compile)]}
dependency descriptor has been mediated: dependency: org.scala-lang#scala-reflect;2.10.6 {provided=[default(compile)]} => dependency: org.scala-lang#scala-reflect;2.10.4 {provided=[default(compile)]}
dependency descriptor has been mediated: dependency: org.scala-lang#scala-compiler;2.10.4 {scala-tool=[default, optional(default)]} => dependency: org.scala-lang#scala-compiler;2.10.4 {scala-tool=[default, optional(default)]}
dependency descriptor has been mediated: sbt.ivyint.MergedDescriptors@4c30d1bf => sbt.ivyint.MergedDescriptors@5b5db5c3
[A[2K[info] Resolving com.typesafe.play#sbt-run-support_2.10;2.5.10 ...
Resolving com.typesafe.play#sbt-run-support_2.10;2.5.10 ...
sbt-chain: Checking cache for: dependency: com.typesafe.play#sbt-run-support_2.10;2.5.10 {compile=[default(compile)]}
[A[2K[info] Resolving com.typesafe.play#sbt-run-support_2.10;2.5.10 ...
Resolving com.typesafe.play#sbt-run-support_2.10;2.5.10 ...
sbt-chain-delegate: Checking cache for: dependency: com.typesafe.play#sbt-run-support_2.10;2.5.10 {compile=[default(compile)]}
		tried https://repo.typesafe.com/typesafe/ivy-releases/com.typesafe.play/sbt-run-support_2.10/2.5.10/ivys/ivy.xml
CLIENT ERROR: Not Found url=https://repo.typesafe.com/typesafe/ivy-releases/com.typesafe.play/sbt-run-support_2.10/2.5.10/ivys/ivy.xml
	typesafe-ivy-releases: no ivy file found for com.typesafe.play#sbt-run-support_2.10;2.5.10
		tried https://repo.scala-sbt.org/scalasbt/sbt-plugin-releases/com.typesafe.play/sbt-run-support_2.10/2.5.10/ivys/ivy.xml
CLIENT ERROR: Not Found url=https://repo.scala-sbt.org/scalasbt/sbt-plugin-releases/com.typesafe.play/sbt-run-support_2.10/2.5.10/ivys/ivy.xml
	sbt-plugin-releases: no ivy file found for com.typesafe.play#sbt-run-support_2.10;2.5.10
		tried /home/rahul/.ivy2/local/com.typesafe.play/sbt-run-support_2.10/2.5.10/ivys/ivy.xml
	local: no ivy file found for com.typesafe.play#sbt-run-support_2.10;2.5.10
		tried /home/rahul/.activator/repository/com.typesafe.play/sbt-run-support_2.10/2.5.10/ivys/ivy.xml
	activator-launcher-local: no ivy file found for com.typesafe.play#sbt-run-support_2.10;2.5.10
		tried /home/rahul/activator-dist-1.3.10/repository/com.typesafe.play/sbt-run-support_2.10/2.5.10/ivys/ivy.xml
	activator-local: no ivy file found for com.typesafe.play#sbt-run-support_2.10;2.5.10
		tried https://repo1.maven.org/maven2/com/typesafe/play/sbt-run-support_2.10/2.5.10/sbt-run-support_2.10-2.5.10.pom
	public: found md file for com.typesafe.play#sbt-run-support_2.10;2.5.10
		=> https://repo1.maven.org/maven2/com/typesafe/play/sbt-run-support_2.10/2.5.10/sbt-run-support_2.10-2.5.10.pom (2.5.10)
downloading https://repo1.maven.org/maven2/com/typesafe/play/sbt-run-support_2.10/2.5.10/sbt-run-support_2.10-2.5.10.pom ...
	public: downloading https://repo1.maven.org/maven2/com/typesafe/play/sbt-run-support_2.10/2.5.10/sbt-run-support_2.10-2.5.10.pom
	public: downloading https://repo1.maven.org/maven2/com/typesafe/play/sbt-run-support_2.10/2.5.10/sbt-run-support_2.10-2.5.10.pom.sha1
sha1 OK for https://repo1.maven.org/maven2/com/typesafe/play/sbt-run-support_2.10/2.5.10/sbt-run-support_2.10-2.5.10.pom
	[SUCCESSFUL ] com.typesafe.play#sbt-run-support_2.10;2.5.10!sbt-run-support_2.10.pom(pom.original) (539ms)
		tried https://repo.typesafe.com/typesafe/ivy-releases/com.typesafe.play/sbt-run-support_2.10/2.5.10/jars/sbt-run-support_2.10.jar
CLIENT ERROR: Not Found url=https://repo.typesafe.com/typesafe/ivy-releases/com.typesafe.play/sbt-run-support_2.10/2.5.10/jars/sbt-run-support_2.10.jar
		tried https://repo.scala-sbt.org/scalasbt/sbt-plugin-releases/com.typesafe.play/sbt-run-support_2.10/2.5.10/jars/sbt-run-support_2.10.jar
CLIENT ERROR: Not Found url=https://repo.scala-sbt.org/scalasbt/sbt-plugin-releases/com.typesafe.play/sbt-run-support_2.10/2.5.10/jars/sbt-run-support_2.10.jar
		tried /home/rahul/.ivy2/local/com.typesafe.play/sbt-run-support_2.10/2.5.10/jars/sbt-run-support_2.10.jar
		tried /home/rahul/.activator/repository/com.typesafe.play/sbt-run-support_2.10/2.5.10/jars/sbt-run-support_2.10.jar
		tried /home/rahul/activator-dist-1.3.10/repository/com.typesafe.play/sbt-run-support_2.10/2.5.10/jars/sbt-run-support_2.10.jar
		tried https://repo1.maven.org/maven2/com/typesafe/play/sbt-run-support_2.10/2.5.10/sbt-run-support_2.10-2.5.10.jar
	found com.typesafe.play#sbt-run-support_2.10;2.5.10 in public
== resolving dependencies com.typesafe.play#sbt-plugin;2.5.10->com.typesafe.play#sbt-run-support_2.10;2.5.10 [compile->runtime]
== resolving dependencies com.typesafe.play#sbt-plugin;2.5.10->com.typesafe.play#sbt-run-support_2.10;2.5.10 [compile->compile]
dependency descriptor has been mediated: dependency: org.scala-lang#scala-library;2.10.6 {compile=[compile(*), master(compile)], runtime=[runtime(*)]} => dependency: org.scala-lang#scala-library;2.10.4 {compile=[compile(*), master(compile)], runtime=[runtime(*)]}
== resolving dependencies com.typesafe.play#sbt-run-support_2.10;2.5.10->org.scala-lang#scala-library;2.10.4 [compile->master(compile)]
dependency descriptor has been mediated: dependency: org.scala-lang#scala-library;2.10.6 {compile=[compile(*), master(compile)], runtime=[runtime(*)]} => dependency: org.scala-lang#scala-library;2.10.4 {compile=[compile(*), master(compile)], runtime=[runtime(*)]}
dependency descriptor has been mediated: dependency: org.scala-lang#scala-library;2.10.6 {compile=[compile(*), master(compile)], runtime=[runtime(*)]} => dependency: org.scala-lang#scala-library;2.10.4 {compile=[compile(*), master(compile)], runtime=[runtime(*)]}
dependency descriptor has been mediated: dependency: org.scala-lang#scala-library;2.10.6 {compile=[compile(*), master(compile)], runtime=[runtime(*)]} => dependency: org.scala-lang#scala-library;2.10.4 {compile=[compile(*), master(compile)], runtime=[runtime(*)]}
dependency descriptor has been mediated: dependency: org.scala-lang#scala-library;2.10.6 {compile=[compile(*), master(compile)], runtime=[runtime(*)]} => dependency: org.scala-lang#scala-library;2.10.4 {compile=[compile(*), master(compile)], runtime=[runtime(*)]}
dependency descriptor has been mediated: dependency: org.scala-lang#scala-library;2.10.6 {compile=[compile(*), master(compile)], runtime=[runtime(*)]} => dependency: org.scala-lang#scala-library;2.10.4 {compile=[compile(*), master(compile)], runtime=[runtime(*)]}
== resolving dependencies com.typesafe.play#sbt-run-support_2.10;2.5.10->org.scala-lang#scala-library;2.10.4 [compile->compile(*)]
== resolving dependencies com.typesafe.play#sbt-run-support_2.10;2.5.10->com.typesafe.play#build-link;2.5.10 [compile->master(compile)]
dependency descriptor has been mediated: dependency: org.scala-lang#scala-library;2.10.6 {compile=[compile(*), master(compile)], runtime=[runtime(*)]} => dependency: org.scala-lang#scala-library;2.10.4 {compile=[compile(*), master(compile)], runtime=[runtime(*)]}
dependency descriptor has been mediated: dependency: org.scala-lang#scala-library;2.10.6 {compile=[compile(*), master(compile)], runtime=[runtime(*)]} => dependency: org.scala-lang#scala-library;2.10.4 {compile=[compile(*), master(compile)], runtime=[runtime(*)]}
dependency descriptor has been mediated: dependency: org.scala-lang#scala-library;2.10.6 {compile=[compile(*), master(compile)], runtime=[runtime(*)]} => dependency: org.scala-lang#scala-library;2.10.4 {compile=[compile(*), master(compile)], runtime=[runtime(*)]}
dependency descriptor has been mediated: dependency: org.scala-lang#scala-library;2.10.6 {compile=[compile(*), master(compile)], runtime=[runtime(*)]} => dependency: org.scala-lang#scala-library;2.10.4 {compile=[compile(*), master(compile)], runtime=[runtime(*)]}
dependency descriptor has been mediated: dependency: org.scala-lang#scala-library;2.10.6 {compile=[compile(*), master(compile)], runtime=[runtime(*)]} => dependency: org.scala-lang#scala-library;2.10.4 {compile=[compile(*), master(compile)], runtime=[runtime(*)]}
dependency descriptor has been mediated: dependency: org.scala-lang#scala-library;2.10.6 {provided=[default(compile)]} => dependency: org.scala-lang#scala-library;2.10.4 {provided=[default(compile)]}
dependency descriptor has been mediated: dependency: org.scala-lang#scala-reflect;2.10.6 {provided=[default(compile)]} => dependency: org.scala-lang#scala-reflect;2.10.4 {provided=[default(compile)]}
dependency descriptor has been mediated: dependency: org.scala-lang#scala-library;2.10.6 {provided=[default(compile)]} => dependency: org.scala-lang#scala-library;2.10.4 {provided=[default(compile)]}
dependency descriptor has been mediated: dependency: org.scala-lang#scala-reflect;2.10.6 {provided=[default(compile)]} => dependency: org.scala-lang#scala-reflect;2.10.4 {provided=[default(compile)]}
dependency descriptor has been mediated: dependency: org.scala-lang#scala-compiler;2.10.4 {scala-tool=[default, optional(default)]} => dependency: org.scala-lang#scala-compiler;2.10.4 {scala-tool=[default, optional(default)]}
dependency descriptor has been mediated: sbt.ivyint.MergedDescriptors@4c30d1bf => sbt.ivyint.MergedDescriptors@3fc2007d
[A[2K[info] Resolving com.typesafe.play#build-link;2.5.10 ...
Resolving com.typesafe.play#build-link;2.5.10 ...
sbt-chain: Checking cache for: dependency: com.typesafe.play#build-link;2.5.10 {compile=[compile(*), master(compile)], runtime=[runtime(*)]}
[A[2K[info] Resolving com.typesafe.play#build-link;2.5.10 ...
Resolving com.typesafe.play#build-link;2.5.10 ...
sbt-chain-delegate: Checking cache for: dependency: com.typesafe.play#build-link;2.5.10 {compile=[compile(*), master(compile)], runtime=[runtime(*)]}
		tried https://repo.typesafe.com/typesafe/ivy-releases/com.typesafe.play/build-link/2.5.10/ivys/ivy.xml
CLIENT ERROR: Not Found url=https://repo.typesafe.com/typesafe/ivy-releases/com.typesafe.play/build-link/2.5.10/ivys/ivy.xml
	typesafe-ivy-releases: no ivy file found for com.typesafe.play#build-link;2.5.10
		tried https://repo.scala-sbt.org/scalasbt/sbt-plugin-releases/com.typesafe.play/build-link/2.5.10/ivys/ivy.xml
CLIENT ERROR: Not Found url=https://repo.scala-sbt.org/scalasbt/sbt-plugin-releases/com.typesafe.play/build-link/2.5.10/ivys/ivy.xml
	sbt-plugin-releases: no ivy file found for com.typesafe.play#build-link;2.5.10
		tried /home/rahul/.ivy2/local/com.typesafe.play/build-link/2.5.10/ivys/ivy.xml
	local: no ivy file found for com.typesafe.play#build-link;2.5.10
		tried /home/rahul/.activator/repository/com.typesafe.play/build-link/2.5.10/ivys/ivy.xml
	activator-launcher-local: no ivy file found for com.typesafe.play#build-link;2.5.10
		tried /home/rahul/activator-dist-1.3.10/repository/com.typesafe.play/build-link/2.5.10/ivys/ivy.xml
	activator-local: no ivy file found for com.typesafe.play#build-link;2.5.10
		tried https://repo1.maven.org/maven2/com/typesafe/play/build-link/2.5.10/build-link-2.5.10.pom
	public: found md file for com.typesafe.play#build-link;2.5.10
		=> https://repo1.maven.org/maven2/com/typesafe/play/build-link/2.5.10/build-link-2.5.10.pom (2.5.10)
downloading https://repo1.maven.org/maven2/com/typesafe/play/build-link/2.5.10/build-link-2.5.10.pom ...
	public: downloading https://repo1.maven.org/maven2/com/typesafe/play/build-link/2.5.10/build-link-2.5.10.pom
	public: downloading https://repo1.maven.org/maven2/com/typesafe/play/build-link/2.5.10/build-link-2.5.10.pom.sha1
sha1 OK for https://repo1.maven.org/maven2/com/typesafe/play/build-link/2.5.10/build-link-2.5.10.pom
	[SUCCESSFUL ] com.typesafe.play#build-link;2.5.10!build-link.pom(pom.original) (547ms)
		tried https://repo.typesafe.com/typesafe/ivy-releases/com.typesafe.play/build-link/2.5.10/jars/build-link.jar
CLIENT ERROR: Not Found url=https://repo.typesafe.com/typesafe/ivy-releases/com.typesafe.play/build-link/2.5.10/jars/build-link.jar
		tried https://repo.scala-sbt.org/scalasbt/sbt-plugin-releases/com.typesafe.play/build-link/2.5.10/jars/build-link.jar
CLIENT ERROR: Not Found url=https://repo.scala-sbt.org/scalasbt/sbt-plugin-releases/com.typesafe.play/build-link/2.5.10/jars/build-link.jar
		tried /home/rahul/.ivy2/local/com.typesafe.play/build-link/2.5.10/jars/build-link.jar
		tried /home/rahul/.activator/repository/com.typesafe.play/build-link/2.5.10/jars/build-link.jar
		tried /home/rahul/activator-dist-1.3.10/repository/com.typesafe.play/build-link/2.5.10/jars/build-link.jar
		tried https://repo1.maven.org/maven2/com/typesafe/play/build-link/2.5.10/build-link-2.5.10.jar
	found com.typesafe.play#build-link;2.5.10 in public
== resolving dependencies com.typesafe.play#sbt-run-support_2.10;2.5.10->com.typesafe.play#build-link;2.5.10 [compile->compile(*)]
== resolving dependencies com.typesafe.play#build-link;2.5.10->com.typesafe.play#play-exceptions;2.5.10 [compile->master(compile)]
dependency descriptor has been mediated: dependency: org.scala-lang#scala-library;2.10.6 {compile=[compile(*), master(compile)], runtime=[runtime(*)]} => dependency: org.scala-lang#scala-library;2.10.4 {compile=[compile(*), master(compile)], runtime=[runtime(*)]}
dependency descriptor has been mediated: dependency: org.scala-lang#scala-library;2.10.6 {compile=[compile(*), master(compile)], runtime=[runtime(*)]} => dependency: org.scala-lang#scala-library;2.10.4 {compile=[compile(*), master(compile)], runtime=[runtime(*)]}
dependency descriptor has been mediated: dependency: org.scala-lang#scala-library;2.10.6 {compile=[compile(*), master(compile)], runtime=[runtime(*)]} => dependency: org.scala-lang#scala-library;2.10.4 {compile=[compile(*), master(compile)], runtime=[runtime(*)]}
dependency descriptor has been mediated: dependency: org.scala-lang#scala-library;2.10.6 {compile=[compile(*), master(compile)], runtime=[runtime(*)]} => dependency: org.scala-lang#scala-library;2.10.4 {compile=[compile(*), master(compile)], runtime=[runtime(*)]}
dependency descriptor has been mediated: dependency: org.scala-lang#scala-library;2.10.6 {compile=[compile(*), master(compile)], runtime=[runtime(*)]} => dependency: org.scala-lang#scala-library;2.10.4 {compile=[compile(*), master(compile)], runtime=[runtime(*)]}
dependency descriptor has been mediated: dependency: org.scala-lang#scala-library;2.10.6 {provided=[default(compile)]} => dependency: org.scala-lang#scala-library;2.10.4 {provided=[default(compile)]}
dependency descriptor has been mediated: dependency: org.scala-lang#scala-reflect;2.10.6 {provided=[default(compile)]} => dependency: org.scala-lang#scala-reflect;2.10.4 {provided=[default(compile)]}
dependency descriptor has been mediated: dependency: org.scala-lang#scala-library;2.10.6 {provided=[default(compile)]} => dependency: org.scala-lang#scala-library;2.10.4 {provided=[default(compile)]}
dependency descriptor has been mediated: dependency: org.scala-lang#scala-reflect;2.10.6 {provided=[default(compile)]} => dependency: org.scala-lang#scala-reflect;2.10.4 {provided=[default(compile)]}
dependency descriptor has been mediated: dependency: org.scala-lang#scala-compiler;2.10.4 {scala-tool=[default, optional(default)]} => dependency: org.scala-lang#scala-compiler;2.10.4 {scala-tool=[default, optional(default)]}
dependency descriptor has been mediated: sbt.ivyint.MergedDescriptors@4c30d1bf => sbt.ivyint.MergedDescriptors@3612ef00
[A[2K[info] Resolving com.typesafe.play#play-exceptions;2.5.10 ...
Resolving com.typesafe.play#play-exceptions;2.5.10 ...
sbt-chain: Checking cache for: dependency: com.typesafe.play#play-exceptions;2.5.10 {compile=[compile(*), master(compile)], runtime=[runtime(*)]}
[A[2K[info] Resolving com.typesafe.play#play-exceptions;2.5.10 ...
Resolving com.typesafe.play#play-exceptions;2.5.10 ...
sbt-chain-delegate: Checking cache for: dependency: com.typesafe.play#play-exceptions;2.5.10 {compile=[compile(*), master(compile)], runtime=[runtime(*)]}
		tried https://repo.typesafe.com/typesafe/ivy-releases/com.typesafe.play/play-exceptions/2.5.10/ivys/ivy.xml
CLIENT ERROR: Not Found url=https://repo.typesafe.com/typesafe/ivy-releases/com.typesafe.play/play-exceptions/2.5.10/ivys/ivy.xml
	typesafe-ivy-releases: no ivy file found for com.typesafe.play#play-exceptions;2.5.10
		tried https://repo.scala-sbt.org/scalasbt/sbt-plugin-releases/com.typesafe.play/play-exceptions/2.5.10/ivys/ivy.xml
CLIENT ERROR: Not Found url=https://repo.scala-sbt.org/scalasbt/sbt-plugin-releases/com.typesafe.play/play-exceptions/2.5.10/ivys/ivy.xml
	sbt-plugin-releases: no ivy file found for com.typesafe.play#play-exceptions;2.5.10
		tried /home/rahul/.ivy2/local/com.typesafe.play/play-exceptions/2.5.10/ivys/ivy.xml
	local: no ivy file found for com.typesafe.play#play-exceptions;2.5.10
		tried /home/rahul/.activator/repository/com.typesafe.play/play-exceptions/2.5.10/ivys/ivy.xml
	activator-launcher-local: no ivy file found for com.typesafe.play#play-exceptions;2.5.10
		tried /home/rahul/activator-dist-1.3.10/repository/com.typesafe.play/play-exceptions/2.5.10/ivys/ivy.xml
	activator-local: no ivy file found for com.typesafe.play#play-exceptions;2.5.10
		tried https://repo1.maven.org/maven2/com/typesafe/play/play-exceptions/2.5.10/play-exceptions-2.5.10.pom
	public: found md file for com.typesafe.play#play-exceptions;2.5.10
		=> https://repo1.maven.org/maven2/com/typesafe/play/play-exceptions/2.5.10/play-exceptions-2.5.10.pom (2.5.10)
downloading https://repo1.maven.org/maven2/com/typesafe/play/play-exceptions/2.5.10/play-exceptions-2.5.10.pom ...
	public: downloading https://repo1.maven.org/maven2/com/typesafe/play/play-exceptions/2.5.10/play-exceptions-2.5.10.pom
	public: downloading https://repo1.maven.org/maven2/com/typesafe/play/play-exceptions/2.5.10/play-exceptions-2.5.10.pom.sha1
sha1 OK for https://repo1.maven.org/maven2/com/typesafe/play/play-exceptions/2.5.10/play-exceptions-2.5.10.pom
	[SUCCESSFUL ] com.typesafe.play#play-exceptions;2.5.10!play-exceptions.pom(pom.original) (544ms)
		tried https://repo.typesafe.com/typesafe/ivy-releases/com.typesafe.play/play-exceptions/2.5.10/jars/play-exceptions.jar
